{"meta": {"format": 3, "version": "7.11.0", "timestamp": "2025-10-22T00:07:56.647486", "branch_coverage": false, "show_contexts": false}, "files": {"src\\ai_companion\\__init__.py": {"executed_lines": [0], "summary": {"covered_lines": 0, "num_statements": 0, "percent_covered": 100.0, "percent_covered_display": "100", "missing_lines": 0, "excluded_lines": 0}, "missing_lines": [], "excluded_lines": [], "functions": {"": {"executed_lines": [], "summary": {"covered_lines": 0, "num_statements": 0, "percent_covered": 100.0, "percent_covered_display": "100", "missing_lines": 0, "excluded_lines": 0}, "missing_lines": [], "excluded_lines": []}}, "classes": {"": {"executed_lines": [], "summary": {"covered_lines": 0, "num_statements": 0, "percent_covered": 100.0, "percent_covered_display": "100", "missing_lines": 0, "excluded_lines": 0}, "missing_lines": [], "excluded_lines": []}}}, "src\\ai_companion\\core\\__init__.py": {"executed_lines": [0], "summary": {"covered_lines": 0, "num_statements": 0, "percent_covered": 100.0, "percent_covered_display": "100", "missing_lines": 0, "excluded_lines": 0}, "missing_lines": [], "excluded_lines": [], "functions": {"": {"executed_lines": [], "summary": {"covered_lines": 0, "num_statements": 0, "percent_covered": 100.0, "percent_covered_display": "100", "missing_lines": 0, "excluded_lines": 0}, "missing_lines": [], "excluded_lines": []}}, "classes": {"": {"executed_lines": [], "summary": {"covered_lines": 0, "num_statements": 0, "percent_covered": 100.0, "percent_covered_display": "100", "missing_lines": 0, "excluded_lines": 0}, "missing_lines": [], "excluded_lines": []}}}, "src\\ai_companion\\core\\backup.py": {"executed_lines": [], "summary": {"covered_lines": 0, "num_statements": 68, "percent_covered": 0.0, "percent_covered_display": "0", "missing_lines": 68, "excluded_lines": 0}, "missing_lines": [3, 4, 5, 6, 8, 11, 14, 20, 21, 22, 24, 34, 35, 36, 38, 40, 42, 43, 44, 47, 48, 49, 52, 53, 56, 58, 60, 61, 62, 64, 70, 72, 77, 78, 79, 81, 82, 84, 90, 91, 92, 95, 96, 104, 106, 107, 108, 110, 120, 121, 123, 124, 125, 127, 128, 130, 132, 135, 136, 137, 138, 141, 142, 144, 146, 147, 148, 152], "excluded_lines": [], "functions": {"BackupManager.__init__": {"executed_lines": [], "summary": {"covered_lines": 0, "num_statements": 3, "percent_covered": 0.0, "percent_covered_display": "0", "missing_lines": 3, "excluded_lines": 0}, "missing_lines": [20, 21, 22], "excluded_lines": []}, "BackupManager.backup_database": {"executed_lines": [], "summary": {"covered_lines": 0, "num_statements": 18, "percent_covered": 0.0, "percent_covered_display": "0", "missing_lines": 18, "excluded_lines": 0}, "missing_lines": [34, 35, 36, 38, 40, 42, 43, 44, 47, 48, 49, 52, 53, 56, 58, 60, 61, 62], "excluded_lines": []}, "BackupManager._cleanup_old_backups": {"executed_lines": [], "summary": {"covered_lines": 0, "num_statements": 7, "percent_covered": 0.0, "percent_covered_display": "0", "missing_lines": 7, "excluded_lines": 0}, "missing_lines": [70, 72, 77, 78, 79, 81, 82], "excluded_lines": []}, "BackupManager.list_backups": {"executed_lines": [], "summary": {"covered_lines": 0, "num_statements": 9, "percent_covered": 0.0, "percent_covered_display": "0", "missing_lines": 9, "excluded_lines": 0}, "missing_lines": [90, 91, 92, 95, 96, 104, 106, 107, 108], "excluded_lines": []}, "BackupManager.restore_backup": {"executed_lines": [], "summary": {"covered_lines": 0, "num_statements": 19, "percent_covered": 0.0, "percent_covered_display": "0", "missing_lines": 19, "excluded_lines": 0}, "missing_lines": [120, 121, 123, 124, 125, 127, 128, 130, 132, 135, 136, 137, 138, 141, 142, 144, 146, 147, 148], "excluded_lines": []}, "": {"executed_lines": [], "summary": {"covered_lines": 0, "num_statements": 12, "percent_covered": 0.0, "percent_covered_display": "0", "missing_lines": 12, "excluded_lines": 0}, "missing_lines": [3, 4, 5, 6, 8, 11, 14, 24, 64, 84, 110, 152], "excluded_lines": []}}, "classes": {"BackupManager": {"executed_lines": [], "summary": {"covered_lines": 0, "num_statements": 56, "percent_covered": 0.0, "percent_covered_display": "0", "missing_lines": 56, "excluded_lines": 0}, "missing_lines": [20, 21, 22, 34, 35, 36, 38, 40, 42, 43, 44, 47, 48, 49, 52, 53, 56, 58, 60, 61, 62, 70, 72, 77, 78, 79, 81, 82, 90, 91, 92, 95, 96, 104, 106, 107, 108, 120, 121, 123, 124, 125, 127, 128, 130, 132, 135, 136, 137, 138, 141, 142, 144, 146, 147, 148], "excluded_lines": []}, "": {"executed_lines": [], "summary": {"covered_lines": 0, "num_statements": 12, "percent_covered": 0.0, "percent_covered_display": "0", "missing_lines": 12, "excluded_lines": 0}, "missing_lines": [3, 4, 5, 6, 8, 11, 14, 24, 64, 84, 110, 152], "excluded_lines": []}}}, "src\\ai_companion\\core\\checkpointer.py": {"executed_lines": [], "summary": {"covered_lines": 0, "num_statements": 45, "percent_covered": 0.0, "percent_covered_display": "0", "missing_lines": 45, "excluded_lines": 0}, "missing_lines": [13, 14, 16, 18, 21, 46, 48, 49, 50, 52, 54, 55, 56, 58, 67, 68, 69, 70, 75, 78, 81, 99, 101, 102, 103, 105, 107, 108, 109, 111, 120, 121, 122, 123, 128, 131, 134, 153, 154, 156, 162, 163, 164, 168, 170], "excluded_lines": [], "functions": {"get_checkpointer": {"executed_lines": [], "summary": {"covered_lines": 0, "num_statements": 15, "percent_covered": 0.0, "percent_covered_display": "0", "missing_lines": 15, "excluded_lines": 0}, "missing_lines": [46, 48, 49, 50, 52, 54, 55, 56, 58, 67, 68, 69, 70, 75, 78], "excluded_lines": []}, "get_async_checkpointer": {"executed_lines": [], "summary": {"covered_lines": 0, "num_statements": 15, "percent_covered": 0.0, "percent_covered_display": "0", "missing_lines": 15, "excluded_lines": 0}, "missing_lines": [99, 101, 102, 103, 105, 107, 108, 109, 111, 120, 121, 122, 123, 128, 131], "excluded_lines": []}, "get_database_url_for_region": {"executed_lines": [], "summary": {"covered_lines": 0, "num_statements": 8, "percent_covered": 0.0, "percent_covered_display": "0", "missing_lines": 8, "excluded_lines": 0}, "missing_lines": [153, 154, 156, 162, 163, 164, 168, 170], "excluded_lines": []}, "": {"executed_lines": [], "summary": {"covered_lines": 0, "num_statements": 7, "percent_covered": 0.0, "percent_covered_display": "0", "missing_lines": 7, "excluded_lines": 0}, "missing_lines": [13, 14, 16, 18, 21, 81, 134], "excluded_lines": []}}, "classes": {"": {"executed_lines": [], "summary": {"covered_lines": 0, "num_statements": 45, "percent_covered": 0.0, "percent_covered_display": "0", "missing_lines": 45, "excluded_lines": 0}, "missing_lines": [13, 14, 16, 18, 21, 46, 48, 49, 50, 52, 54, 55, 56, 58, 67, 68, 69, 70, 75, 78, 81, 99, 101, 102, 103, 105, 107, 108, 109, 111, 120, 121, 122, 123, 128, 131, 134, 153, 154, 156, 162, 163, 164, 168, 170], "excluded_lines": []}}}, "src\\ai_companion\\core\\error_handlers.py": {"executed_lines": [1, 33, 34, 35, 36, 38, 40, 46, 48, 50, 53, 73, 74, 78, 79, 80, 81, 82, 87, 88, 89, 91, 96, 97, 100, 123, 125, 126, 127, 128, 129, 130, 131, 133, 135, 136, 137, 138, 139, 140, 142, 144, 147, 160, 161, 166, 167, 172, 177, 178, 181, 201, 202, 203, 204, 205, 206, 207, 209, 211, 212, 213, 214, 215, 216, 218, 221, 235, 236, 240, 242, 247, 250, 270, 271, 272, 273, 274, 275, 276, 278, 280, 282, 283, 284, 285, 286, 287, 289, 291, 294, 307, 311, 312, 315, 335, 336, 337, 338, 339, 340, 341, 342, 344, 346, 348, 349, 350, 351, 352, 353, 354, 356, 358], "summary": {"covered_lines": 113, "num_statements": 113, "percent_covered": 100.0, "percent_covered_display": "100", "missing_lines": 0, "excluded_lines": 0}, "missing_lines": [], "excluded_lines": [], "functions": {"_handle_api_error_logic": {"executed_lines": [73, 74, 78, 79, 80, 81, 82, 87, 88, 89, 91, 96, 97], "summary": {"covered_lines": 13, "num_statements": 13, "percent_covered": 100.0, "percent_covered_display": "100", "missing_lines": 0, "excluded_lines": 0}, "missing_lines": [], "excluded_lines": []}, "handle_api_errors": {"executed_lines": [123, 144], "summary": {"covered_lines": 2, "num_statements": 2, "percent_covered": 100.0, "percent_covered_display": "100", "missing_lines": 0, "excluded_lines": 0}, "missing_lines": [], "excluded_lines": []}, "handle_api_errors.decorator": {"executed_lines": [125, 126, 127, 133, 135, 136, 137, 138, 139, 140, 142], "summary": {"covered_lines": 11, "num_statements": 11, "percent_covered": 100.0, "percent_covered_display": "100", "missing_lines": 0, "excluded_lines": 0}, "missing_lines": [], "excluded_lines": []}, "handle_api_errors.decorator.async_wrapper": {"executed_lines": [128, 129, 130, 131], "summary": {"covered_lines": 4, "num_statements": 4, "percent_covered": 100.0, "percent_covered_display": "100", "missing_lines": 0, "excluded_lines": 0}, "missing_lines": [], "excluded_lines": []}, "_handle_workflow_error_logic": {"executed_lines": [160, 161, 166, 167, 172, 177, 178], "summary": {"covered_lines": 7, "num_statements": 7, "percent_covered": 100.0, "percent_covered_display": "100", "missing_lines": 0, "excluded_lines": 0}, "missing_lines": [], "excluded_lines": []}, "handle_workflow_errors": {"executed_lines": [201, 202, 203, 209, 211, 212, 213, 214, 215, 216, 218], "summary": {"covered_lines": 11, "num_statements": 11, "percent_covered": 100.0, "percent_covered_display": "100", "missing_lines": 0, "excluded_lines": 0}, "missing_lines": [], "excluded_lines": []}, "handle_workflow_errors.async_wrapper": {"executed_lines": [204, 205, 206, 207], "summary": {"covered_lines": 4, "num_statements": 4, "percent_covered": 100.0, "percent_covered_display": "100", "missing_lines": 0, "excluded_lines": 0}, "missing_lines": [], "excluded_lines": []}, "_handle_memory_error_logic": {"executed_lines": [235, 236, 240, 242, 247], "summary": {"covered_lines": 5, "num_statements": 5, "percent_covered": 100.0, "percent_covered_display": "100", "missing_lines": 0, "excluded_lines": 0}, "missing_lines": [], "excluded_lines": []}, "handle_memory_errors": {"executed_lines": [270, 271, 272, 280, 282, 283, 284, 285, 286, 287, 289, 291], "summary": {"covered_lines": 12, "num_statements": 12, "percent_covered": 100.0, "percent_covered_display": "100", "missing_lines": 0, "excluded_lines": 0}, "missing_lines": [], "excluded_lines": []}, "handle_memory_errors.async_wrapper": {"executed_lines": [273, 274, 275, 276, 278], "summary": {"covered_lines": 5, "num_statements": 5, "percent_covered": 100.0, "percent_covered_display": "100", "missing_lines": 0, "excluded_lines": 0}, "missing_lines": [], "excluded_lines": []}, "_handle_validation_error_logic": {"executed_lines": [307, 311, 312], "summary": {"covered_lines": 3, "num_statements": 3, "percent_covered": 100.0, "percent_covered_display": "100", "missing_lines": 0, "excluded_lines": 0}, "missing_lines": [], "excluded_lines": []}, "handle_validation_errors": {"executed_lines": [335, 336, 337, 346, 348, 349, 350, 351, 352, 353, 354, 356, 358], "summary": {"covered_lines": 13, "num_statements": 13, "percent_covered": 100.0, "percent_covered_display": "100", "missing_lines": 0, "excluded_lines": 0}, "missing_lines": [], "excluded_lines": []}, "handle_validation_errors.async_wrapper": {"executed_lines": [338, 339, 340, 341, 342, 344], "summary": {"covered_lines": 6, "num_statements": 6, "percent_covered": 100.0, "percent_covered_display": "100", "missing_lines": 0, "excluded_lines": 0}, "missing_lines": [], "excluded_lines": []}, "": {"executed_lines": [1, 33, 34, 35, 36, 38, 40, 46, 48, 50, 53, 100, 147, 181, 221, 250, 294, 315], "summary": {"covered_lines": 17, "num_statements": 17, "percent_covered": 100.0, "percent_covered_display": "100", "missing_lines": 0, "excluded_lines": 0}, "missing_lines": [], "excluded_lines": []}}, "classes": {"": {"executed_lines": [1, 33, 34, 35, 36, 38, 40, 46, 48, 50, 53, 73, 74, 78, 79, 80, 81, 82, 87, 88, 89, 91, 96, 97, 100, 123, 125, 126, 127, 128, 129, 130, 131, 133, 135, 136, 137, 138, 139, 140, 142, 144, 147, 160, 161, 166, 167, 172, 177, 178, 181, 201, 202, 203, 204, 205, 206, 207, 209, 211, 212, 213, 214, 215, 216, 218, 221, 235, 236, 240, 242, 247, 250, 270, 271, 272, 273, 274, 275, 276, 278, 280, 282, 283, 284, 285, 286, 287, 289, 291, 294, 307, 311, 312, 315, 335, 336, 337, 338, 339, 340, 341, 342, 344, 346, 348, 349, 350, 351, 352, 353, 354, 356, 358], "summary": {"covered_lines": 113, "num_statements": 113, "percent_covered": 100.0, "percent_covered_display": "100", "missing_lines": 0, "excluded_lines": 0}, "missing_lines": [], "excluded_lines": []}}}, "src\\ai_companion\\core\\error_responses.py": {"executed_lines": [], "summary": {"covered_lines": 0, "num_statements": 52, "percent_covered": 0.0, "percent_covered_display": "0", "missing_lines": 52, "excluded_lines": 0}, "missing_lines": [7, 9, 10, 11, 13, 21, 23, 26, 36, 37, 38, 39, 41, 55, 67, 70, 79, 82, 92, 95, 104, 105, 106, 107, 108, 109, 110, 111, 112, 113, 114, 115, 116, 117, 118, 119, 120, 121, 122, 123, 125, 126, 127, 129, 139, 149, 151, 157, 167, 177, 180, 188], "excluded_lines": [], "functions": {"sanitize_error_message": {"executed_lines": [], "summary": {"covered_lines": 0, "num_statements": 1, "percent_covered": 0.0, "percent_covered_display": "0", "missing_lines": 1, "excluded_lines": 0}, "missing_lines": [67], "excluded_lines": []}, "get_request_id": {"executed_lines": [], "summary": {"covered_lines": 0, "num_statements": 1, "percent_covered": 0.0, "percent_covered_display": "0", "missing_lines": 1, "excluded_lines": 0}, "missing_lines": [79], "excluded_lines": []}, "ai_companion_error_handler": {"executed_lines": [], "summary": {"covered_lines": 0, "num_statements": 26, "percent_covered": 0.0, "percent_covered_display": "0", "missing_lines": 26, "excluded_lines": 0}, "missing_lines": [92, 95, 104, 105, 106, 107, 108, 109, 110, 111, 112, 113, 114, 115, 116, 117, 118, 119, 120, 121, 122, 123, 125, 126, 127, 129], "excluded_lines": []}, "validation_error_handler": {"executed_lines": [], "summary": {"covered_lines": 0, "num_statements": 3, "percent_covered": 0.0, "percent_covered_display": "0", "missing_lines": 3, "excluded_lines": 0}, "missing_lines": [149, 151, 157], "excluded_lines": []}, "global_exception_handler": {"executed_lines": [], "summary": {"covered_lines": 0, "num_statements": 3, "percent_covered": 0.0, "percent_covered_display": "0", "missing_lines": 3, "excluded_lines": 0}, "missing_lines": [177, 180, 188], "excluded_lines": []}, "": {"executed_lines": [], "summary": {"covered_lines": 0, "num_statements": 18, "percent_covered": 0.0, "percent_covered_display": "0", "missing_lines": 18, "excluded_lines": 0}, "missing_lines": [7, 9, 10, 11, 13, 21, 23, 26, 36, 37, 38, 39, 41, 55, 70, 82, 139, 167], "excluded_lines": []}}, "classes": {"ErrorResponse": {"executed_lines": [], "summary": {"covered_lines": 0, "num_statements": 0, "percent_covered": 100.0, "percent_covered_display": "100", "missing_lines": 0, "excluded_lines": 0}, "missing_lines": [], "excluded_lines": []}, "": {"executed_lines": [], "summary": {"covered_lines": 0, "num_statements": 52, "percent_covered": 0.0, "percent_covered_display": "0", "missing_lines": 52, "excluded_lines": 0}, "missing_lines": [7, 9, 10, 11, 13, 21, 23, 26, 36, 37, 38, 39, 41, 55, 67, 70, 79, 82, 92, 95, 104, 105, 106, 107, 108, 109, 110, 111, 112, 113, 114, 115, 116, 117, 118, 119, 120, 121, 122, 123, 125, 126, 127, 129, 139, 149, 151, 157, 167, 177, 180, 188], "excluded_lines": []}}}, "src\\ai_companion\\core\\exceptions.py": {"executed_lines": [1, 8, 9, 11, 14, 15, 17, 20, 21, 28, 31, 32, 40, 43, 44, 52, 55, 56, 64, 67, 68, 76, 79, 80, 88, 91, 92, 100], "summary": {"covered_lines": 18, "num_statements": 18, "percent_covered": 100.0, "percent_covered_display": "100", "missing_lines": 0, "excluded_lines": 0}, "missing_lines": [], "excluded_lines": [], "functions": {"": {"executed_lines": [1, 8, 9, 11, 14, 15, 17, 20, 21, 28, 31, 32, 40, 43, 44, 52, 55, 56, 64, 67, 68, 76, 79, 80, 88, 91, 92, 100], "summary": {"covered_lines": 18, "num_statements": 18, "percent_covered": 100.0, "percent_covered_display": "100", "missing_lines": 0, "excluded_lines": 0}, "missing_lines": [], "excluded_lines": []}}, "classes": {"AICompanionError": {"executed_lines": [], "summary": {"covered_lines": 0, "num_statements": 0, "percent_covered": 100.0, "percent_covered_display": "100", "missing_lines": 0, "excluded_lines": 0}, "missing_lines": [], "excluded_lines": []}, "ExternalAPIError": {"executed_lines": [], "summary": {"covered_lines": 0, "num_statements": 0, "percent_covered": 100.0, "percent_covered_display": "100", "missing_lines": 0, "excluded_lines": 0}, "missing_lines": [], "excluded_lines": []}, "CircuitBreakerError": {"executed_lines": [], "summary": {"covered_lines": 0, "num_statements": 0, "percent_covered": 100.0, "percent_covered_display": "100", "missing_lines": 0, "excluded_lines": 0}, "missing_lines": [], "excluded_lines": []}, "SpeechToTextError": {"executed_lines": [], "summary": {"covered_lines": 0, "num_statements": 0, "percent_covered": 100.0, "percent_covered_display": "100", "missing_lines": 0, "excluded_lines": 0}, "missing_lines": [], "excluded_lines": []}, "TextToSpeechError": {"executed_lines": [], "summary": {"covered_lines": 0, "num_statements": 0, "percent_covered": 100.0, "percent_covered_display": "100", "missing_lines": 0, "excluded_lines": 0}, "missing_lines": [], "excluded_lines": []}, "TextToImageError": {"executed_lines": [], "summary": {"covered_lines": 0, "num_statements": 0, "percent_covered": 100.0, "percent_covered_display": "100", "missing_lines": 0, "excluded_lines": 0}, "missing_lines": [], "excluded_lines": []}, "ImageToTextError": {"executed_lines": [], "summary": {"covered_lines": 0, "num_statements": 0, "percent_covered": 100.0, "percent_covered_display": "100", "missing_lines": 0, "excluded_lines": 0}, "missing_lines": [], "excluded_lines": []}, "MemoryError": {"executed_lines": [], "summary": {"covered_lines": 0, "num_statements": 0, "percent_covered": 100.0, "percent_covered_display": "100", "missing_lines": 0, "excluded_lines": 0}, "missing_lines": [], "excluded_lines": []}, "WorkflowError": {"executed_lines": [], "summary": {"covered_lines": 0, "num_statements": 0, "percent_covered": 100.0, "percent_covered_display": "100", "missing_lines": 0, "excluded_lines": 0}, "missing_lines": [], "excluded_lines": []}, "": {"executed_lines": [1, 8, 9, 11, 14, 15, 17, 20, 21, 28, 31, 32, 40, 43, 44, 52, 55, 56, 64, 67, 68, 76, 79, 80, 88, 91, 92, 100], "summary": {"covered_lines": 18, "num_statements": 18, "percent_covered": 100.0, "percent_covered_display": "100", "missing_lines": 0, "excluded_lines": 0}, "missing_lines": [], "excluded_lines": []}}}, "src\\ai_companion\\core\\logging_config.py": {"executed_lines": [1, 3, 4, 5, 7, 10, 71, 80], "summary": {"covered_lines": 7, "num_statements": 18, "percent_covered": 38.888888888888886, "percent_covered_display": "39", "missing_lines": 11, "excluded_lines": 0}, "missing_lines": [23, 24, 27, 30, 37, 50, 51, 53, 55, 63, 64], "excluded_lines": [], "functions": {"configure_logging": {"executed_lines": [], "summary": {"covered_lines": 0, "num_statements": 11, "percent_covered": 0.0, "percent_covered_display": "0", "missing_lines": 11, "excluded_lines": 0}, "missing_lines": [23, 24, 27, 30, 37, 50, 51, 53, 55, 63, 64], "excluded_lines": []}, "get_logger": {"executed_lines": [80], "summary": {"covered_lines": 1, "num_statements": 1, "percent_covered": 100.0, "percent_covered_display": "100", "missing_lines": 0, "excluded_lines": 0}, "missing_lines": [], "excluded_lines": []}, "": {"executed_lines": [1, 3, 4, 5, 7, 10, 71], "summary": {"covered_lines": 6, "num_statements": 6, "percent_covered": 100.0, "percent_covered_display": "100", "missing_lines": 0, "excluded_lines": 0}, "missing_lines": [], "excluded_lines": []}}, "classes": {"": {"executed_lines": [1, 3, 4, 5, 7, 10, 71, 80], "summary": {"covered_lines": 7, "num_statements": 18, "percent_covered": 38.888888888888886, "percent_covered_display": "39", "missing_lines": 11, "excluded_lines": 0}, "missing_lines": [23, 24, 27, 30, 37, 50, 51, 53, 55, 63, 64], "excluded_lines": []}}}, "src\\ai_companion\\core\\metrics.py": {"executed_lines": [1, 7, 8, 9, 10, 11, 13, 15, 18, 19, 24, 26, 27, 28, 30, 38, 39, 47, 63, 79, 88, 103, 121, 128, 129, 132, 133, 139, 157, 180, 183], "summary": {"covered_lines": 29, "num_statements": 95, "percent_covered": 30.526315789473685, "percent_covered_display": "31", "missing_lines": 66, "excluded_lines": 1}, "missing_lines": [55, 56, 71, 72, 85, 86, 95, 96, 97, 111, 112, 113, 114, 130, 147, 148, 149, 150, 163, 194, 195, 197, 198, 199, 200, 201, 203, 204, 205, 206, 207, 208, 209, 211, 214, 217, 218, 221, 227, 228, 230, 232, 233, 234, 235, 236, 238, 239, 240, 241, 242, 243, 244, 246, 249, 252, 253, 256, 262, 263, 265, 268, 269, 270, 272, 274], "excluded_lines": [184], "functions": {"MetricsCollector.__init__": {"executed_lines": [26, 27, 28], "summary": {"covered_lines": 3, "num_statements": 3, "percent_covered": 100.0, "percent_covered_display": "100", "missing_lines": 0, "excluded_lines": 0}, "missing_lines": [], "excluded_lines": []}, "MetricsCollector.increment_counter": {"executed_lines": [38, 39], "summary": {"covered_lines": 2, "num_statements": 2, "percent_covered": 100.0, "percent_covered_display": "100", "missing_lines": 0, "excluded_lines": 0}, "missing_lines": [], "excluded_lines": []}, "MetricsCollector.set_gauge": {"executed_lines": [], "summary": {"covered_lines": 0, "num_statements": 2, "percent_covered": 0.0, "percent_covered_display": "0", "missing_lines": 2, "excluded_lines": 0}, "missing_lines": [55, 56], "excluded_lines": []}, "MetricsCollector.record_histogram": {"executed_lines": [], "summary": {"covered_lines": 0, "num_statements": 2, "percent_covered": 0.0, "percent_covered_display": "0", "missing_lines": 2, "excluded_lines": 0}, "missing_lines": [71, 72], "excluded_lines": []}, "MetricsCollector.record_session_started": {"executed_lines": [], "summary": {"covered_lines": 0, "num_statements": 2, "percent_covered": 0.0, "percent_covered_display": "0", "missing_lines": 2, "excluded_lines": 0}, "missing_lines": [85, 86], "excluded_lines": []}, "MetricsCollector.record_voice_request": {"executed_lines": [], "summary": {"covered_lines": 0, "num_statements": 3, "percent_covered": 0.0, "percent_covered_display": "0", "missing_lines": 3, "excluded_lines": 0}, "missing_lines": [95, 96, 97], "excluded_lines": []}, "MetricsCollector.record_api_call": {"executed_lines": [], "summary": {"covered_lines": 0, "num_statements": 4, "percent_covered": 0.0, "percent_covered_display": "0", "missing_lines": 4, "excluded_lines": 0}, "missing_lines": [111, 112, 113, 114], "excluded_lines": []}, "MetricsCollector.record_error": {"executed_lines": [128, 129, 132, 133], "summary": {"covered_lines": 4, "num_statements": 5, "percent_covered": 80.0, "percent_covered_display": "80", "missing_lines": 1, "excluded_lines": 0}, "missing_lines": [130], "excluded_lines": []}, "MetricsCollector.record_workflow_execution": {"executed_lines": [], "summary": {"covered_lines": 0, "num_statements": 4, "percent_covered": 0.0, "percent_covered_display": "0", "missing_lines": 4, "excluded_lines": 0}, "missing_lines": [147, 148, 149, 150], "excluded_lines": []}, "MetricsCollector.get_metrics_summary": {"executed_lines": [], "summary": {"covered_lines": 0, "num_statements": 1, "percent_covered": 0.0, "percent_covered_display": "0", "missing_lines": 1, "excluded_lines": 0}, "missing_lines": [163], "excluded_lines": []}, "track_performance": {"executed_lines": [], "summary": {"covered_lines": 0, "num_statements": 2, "percent_covered": 0.0, "percent_covered_display": "0", "missing_lines": 2, "excluded_lines": 1}, "missing_lines": [194, 274], "excluded_lines": [184]}, "track_performance.decorator": {"executed_lines": [], "summary": {"covered_lines": 0, "num_statements": 9, "percent_covered": 0.0, "percent_covered_display": "0", "missing_lines": 9, "excluded_lines": 0}, "missing_lines": [195, 197, 198, 232, 233, 268, 269, 270, 272], "excluded_lines": []}, "track_performance.decorator.async_wrapper": {"executed_lines": [], "summary": {"covered_lines": 0, "num_statements": 18, "percent_covered": 0.0, "percent_covered_display": "0", "missing_lines": 18, "excluded_lines": 0}, "missing_lines": [199, 200, 201, 203, 204, 205, 206, 207, 208, 209, 211, 214, 217, 218, 221, 227, 228, 230], "excluded_lines": []}, "track_performance.decorator.sync_wrapper": {"executed_lines": [], "summary": {"covered_lines": 0, "num_statements": 18, "percent_covered": 0.0, "percent_covered_display": "0", "missing_lines": 18, "excluded_lines": 0}, "missing_lines": [234, 235, 236, 238, 239, 240, 241, 242, 243, 244, 246, 249, 252, 253, 256, 262, 263, 265], "excluded_lines": []}, "": {"executed_lines": [1, 7, 8, 9, 10, 11, 13, 15, 18, 19, 24, 30, 47, 63, 79, 88, 103, 121, 139, 157, 180, 183], "summary": {"covered_lines": 20, "num_statements": 20, "percent_covered": 100.0, "percent_covered_display": "100", "missing_lines": 0, "excluded_lines": 0}, "missing_lines": [], "excluded_lines": []}}, "classes": {"MetricsCollector": {"executed_lines": [26, 27, 28, 38, 39, 128, 129, 132, 133], "summary": {"covered_lines": 9, "num_statements": 28, "percent_covered": 32.142857142857146, "percent_covered_display": "32", "missing_lines": 19, "excluded_lines": 0}, "missing_lines": [55, 56, 71, 72, 85, 86, 95, 96, 97, 111, 112, 113, 114, 130, 147, 148, 149, 150, 163], "excluded_lines": []}, "": {"executed_lines": [1, 7, 8, 9, 10, 11, 13, 15, 18, 19, 24, 30, 47, 63, 79, 88, 103, 121, 139, 157, 180, 183], "summary": {"covered_lines": 20, "num_statements": 67, "percent_covered": 29.850746268656717, "percent_covered_display": "30", "missing_lines": 47, "excluded_lines": 1}, "missing_lines": [194, 195, 197, 198, 199, 200, 201, 203, 204, 205, 206, 207, 208, 209, 211, 214, 217, 218, 221, 227, 228, 230, 232, 233, 234, 235, 236, 238, 239, 240, 241, 242, 243, 244, 246, 249, 252, 253, 256, 262, 263, 265, 268, 269, 270, 272, 274], "excluded_lines": [184]}}}, "src\\ai_companion\\core\\monitoring.py": {"executed_lines": [], "summary": {"covered_lines": 0, "num_statements": 152, "percent_covered": 0.0, "percent_covered_display": "0", "missing_lines": 152, "excluded_lines": 0}, "missing_lines": [10, 11, 12, 13, 15, 16, 18, 21, 22, 33, 34, 35, 36, 37, 38, 41, 42, 53, 54, 55, 56, 57, 58, 61, 68, 70, 71, 72, 73, 74, 77, 80, 82, 84, 86, 87, 88, 89, 90, 93, 112, 113, 115, 116, 120, 121, 123, 125, 128, 138, 148, 158, 167, 169, 175, 176, 184, 190, 191, 194, 197, 200, 201, 202, 205, 207, 208, 211, 212, 221, 222, 224, 225, 227, 236, 237, 238, 241, 245, 250, 251, 253, 256, 257, 258, 260, 262, 263, 265, 268, 269, 270, 271, 272, 274, 275, 276, 277, 280, 284, 286, 288, 298, 299, 300, 301, 302, 303, 304, 305, 306, 307, 308, 310, 320, 326, 335, 337, 338, 339, 341, 348, 358, 359, 360, 361, 371, 372, 375, 376, 379, 380, 385, 391, 393, 402, 403, 408, 414, 430, 437, 438, 439, 440, 441, 442, 443, 444, 445, 446, 449, 458], "excluded_lines": [], "functions": {"MonitoringSystem.__init__": {"executed_lines": [], "summary": {"covered_lines": 0, "num_statements": 7, "percent_covered": 0.0, "percent_covered_display": "0", "missing_lines": 7, "excluded_lines": 0}, "missing_lines": [70, 71, 72, 73, 74, 77, 80], "excluded_lines": []}, "MonitoringSystem._init_sentry": {"executed_lines": [], "summary": {"covered_lines": 0, "num_statements": 14, "percent_covered": 0.0, "percent_covered_display": "0", "missing_lines": 14, "excluded_lines": 0}, "missing_lines": [84, 86, 87, 88, 89, 90, 93, 112, 113, 115, 116, 120, 121, 123], "excluded_lines": []}, "MonitoringSystem._setup_default_thresholds": {"executed_lines": [], "summary": {"covered_lines": 0, "num_statements": 5, "percent_covered": 0.0, "percent_covered_display": "0", "missing_lines": 5, "excluded_lines": 0}, "missing_lines": [128, 138, 148, 158, 167], "excluded_lines": []}, "MonitoringSystem.add_threshold": {"executed_lines": [], "summary": {"covered_lines": 0, "num_statements": 2, "percent_covered": 0.0, "percent_covered_display": "0", "missing_lines": 2, "excluded_lines": 0}, "missing_lines": [175, 176], "excluded_lines": []}, "MonitoringSystem.evaluate_thresholds": {"executed_lines": [], "summary": {"covered_lines": 0, "num_statements": 16, "percent_covered": 0.0, "percent_covered_display": "0", "missing_lines": 16, "excluded_lines": 0}, "missing_lines": [190, 191, 194, 197, 200, 201, 202, 205, 207, 208, 211, 212, 221, 222, 224, 225], "excluded_lines": []}, "MonitoringSystem._calculate_derived_metrics": {"executed_lines": [], "summary": {"covered_lines": 0, "num_statements": 27, "percent_covered": 0.0, "percent_covered_display": "0", "missing_lines": 27, "excluded_lines": 0}, "missing_lines": [236, 237, 238, 241, 245, 250, 251, 253, 256, 257, 258, 260, 262, 263, 265, 268, 269, 270, 271, 272, 274, 275, 276, 277, 280, 284, 286], "excluded_lines": []}, "MonitoringSystem._check_threshold": {"executed_lines": [], "summary": {"covered_lines": 0, "num_statements": 11, "percent_covered": 0.0, "percent_covered_display": "0", "missing_lines": 11, "excluded_lines": 0}, "missing_lines": [298, 299, 300, 301, 302, 303, 304, 305, 306, 307, 308], "excluded_lines": []}, "MonitoringSystem._format_alert_message": {"executed_lines": [], "summary": {"covered_lines": 0, "num_statements": 1, "percent_covered": 0.0, "percent_covered_display": "0", "missing_lines": 1, "excluded_lines": 0}, "missing_lines": [320], "excluded_lines": []}, "MonitoringSystem._get_alert_severity": {"executed_lines": [], "summary": {"covered_lines": 0, "num_statements": 4, "percent_covered": 0.0, "percent_covered_display": "0", "missing_lines": 4, "excluded_lines": 0}, "missing_lines": [335, 337, 338, 339], "excluded_lines": []}, "MonitoringSystem._handle_alert": {"executed_lines": [], "summary": {"covered_lines": 0, "num_statements": 11, "percent_covered": 0.0, "percent_covered_display": "0", "missing_lines": 11, "excluded_lines": 0}, "missing_lines": [348, 358, 359, 360, 361, 371, 372, 375, 376, 379, 380], "excluded_lines": []}, "MonitoringSystem.get_active_alerts": {"executed_lines": [], "summary": {"covered_lines": 0, "num_statements": 1, "percent_covered": 0.0, "percent_covered_display": "0", "missing_lines": 1, "excluded_lines": 0}, "missing_lines": [391], "excluded_lines": []}, "MonitoringSystem.get_alert_history": {"executed_lines": [], "summary": {"covered_lines": 0, "num_statements": 2, "percent_covered": 0.0, "percent_covered_display": "0", "missing_lines": 2, "excluded_lines": 0}, "missing_lines": [402, 403], "excluded_lines": []}, "MonitoringSystem.get_monitoring_status": {"executed_lines": [], "summary": {"covered_lines": 0, "num_statements": 1, "percent_covered": 0.0, "percent_covered_display": "0", "missing_lines": 1, "excluded_lines": 0}, "missing_lines": [414], "excluded_lines": []}, "MonitoringSystem.capture_exception": {"executed_lines": [], "summary": {"covered_lines": 0, "num_statements": 11, "percent_covered": 0.0, "percent_covered_display": "0", "missing_lines": 11, "excluded_lines": 0}, "missing_lines": [437, 438, 439, 440, 441, 442, 443, 444, 445, 446, 449], "excluded_lines": []}, "": {"executed_lines": [], "summary": {"covered_lines": 0, "num_statements": 39, "percent_covered": 0.0, "percent_covered_display": "0", "missing_lines": 39, "excluded_lines": 0}, "missing_lines": [10, 11, 12, 13, 15, 16, 18, 21, 22, 33, 34, 35, 36, 37, 38, 41, 42, 53, 54, 55, 56, 57, 58, 61, 68, 82, 125, 169, 184, 227, 288, 310, 326, 341, 385, 393, 408, 430, 458], "excluded_lines": []}}, "classes": {"AlertThreshold": {"executed_lines": [], "summary": {"covered_lines": 0, "num_statements": 0, "percent_covered": 100.0, "percent_covered_display": "100", "missing_lines": 0, "excluded_lines": 0}, "missing_lines": [], "excluded_lines": []}, "Alert": {"executed_lines": [], "summary": {"covered_lines": 0, "num_statements": 0, "percent_covered": 100.0, "percent_covered_display": "100", "missing_lines": 0, "excluded_lines": 0}, "missing_lines": [], "excluded_lines": []}, "MonitoringSystem": {"executed_lines": [], "summary": {"covered_lines": 0, "num_statements": 113, "percent_covered": 0.0, "percent_covered_display": "0", "missing_lines": 113, "excluded_lines": 0}, "missing_lines": [70, 71, 72, 73, 74, 77, 80, 84, 86, 87, 88, 89, 90, 93, 112, 113, 115, 116, 120, 121, 123, 128, 138, 148, 158, 167, 175, 176, 190, 191, 194, 197, 200, 201, 202, 205, 207, 208, 211, 212, 221, 222, 224, 225, 236, 237, 238, 241, 245, 250, 251, 253, 256, 257, 258, 260, 262, 263, 265, 268, 269, 270, 271, 272, 274, 275, 276, 277, 280, 284, 286, 298, 299, 300, 301, 302, 303, 304, 305, 306, 307, 308, 320, 335, 337, 338, 339, 348, 358, 359, 360, 361, 371, 372, 375, 376, 379, 380, 391, 402, 403, 414, 437, 438, 439, 440, 441, 442, 443, 444, 445, 446, 449], "excluded_lines": []}, "": {"executed_lines": [], "summary": {"covered_lines": 0, "num_statements": 39, "percent_covered": 0.0, "percent_covered_display": "0", "missing_lines": 39, "excluded_lines": 0}, "missing_lines": [10, 11, 12, 13, 15, 16, 18, 21, 22, 33, 34, 35, 36, 37, 38, 41, 42, 53, 54, 55, 56, 57, 58, 61, 68, 82, 125, 169, 184, 227, 288, 310, 326, 341, 385, 393, 408, 430, 458], "excluded_lines": []}}}, "src\\ai_companion\\core\\monitoring_scheduler.py": {"executed_lines": [], "summary": {"covered_lines": 0, "num_statements": 42, "percent_covered": 0.0, "percent_covered_display": "0", "missing_lines": 42, "excluded_lines": 0}, "missing_lines": [7, 8, 10, 11, 13, 16, 19, 25, 26, 27, 29, 31, 32, 33, 35, 36, 37, 42, 44, 45, 47, 49, 50, 51, 52, 53, 54, 56, 58, 60, 61, 63, 65, 66, 71, 73, 74, 81, 82, 83, 84, 88], "excluded_lines": [], "functions": {"MonitoringScheduler.__init__": {"executed_lines": [], "summary": {"covered_lines": 0, "num_statements": 3, "percent_covered": 0.0, "percent_covered_display": "0", "missing_lines": 3, "excluded_lines": 0}, "missing_lines": [25, 26, 27], "excluded_lines": []}, "MonitoringScheduler.start": {"executed_lines": [], "summary": {"covered_lines": 0, "num_statements": 6, "percent_covered": 0.0, "percent_covered_display": "0", "missing_lines": 6, "excluded_lines": 0}, "missing_lines": [31, 32, 33, 35, 36, 37], "excluded_lines": []}, "MonitoringScheduler.stop": {"executed_lines": [], "summary": {"covered_lines": 0, "num_statements": 10, "percent_covered": 0.0, "percent_covered_display": "0", "missing_lines": 10, "excluded_lines": 0}, "missing_lines": [44, 45, 47, 49, 50, 51, 52, 53, 54, 56], "excluded_lines": []}, "MonitoringScheduler._run": {"executed_lines": [], "summary": {"covered_lines": 0, "num_statements": 12, "percent_covered": 0.0, "percent_covered_display": "0", "missing_lines": 12, "excluded_lines": 0}, "missing_lines": [60, 61, 63, 65, 66, 71, 73, 74, 81, 82, 83, 84], "excluded_lines": []}, "": {"executed_lines": [], "summary": {"covered_lines": 0, "num_statements": 11, "percent_covered": 0.0, "percent_covered_display": "0", "missing_lines": 11, "excluded_lines": 0}, "missing_lines": [7, 8, 10, 11, 13, 16, 19, 29, 42, 58, 88], "excluded_lines": []}}, "classes": {"MonitoringScheduler": {"executed_lines": [], "summary": {"covered_lines": 0, "num_statements": 31, "percent_covered": 0.0, "percent_covered_display": "0", "missing_lines": 31, "excluded_lines": 0}, "missing_lines": [25, 26, 27, 31, 32, 33, 35, 36, 37, 44, 45, 47, 49, 50, 51, 52, 53, 54, 56, 60, 61, 63, 65, 66, 71, 73, 74, 81, 82, 83, 84], "excluded_lines": []}, "": {"executed_lines": [], "summary": {"covered_lines": 0, "num_statements": 11, "percent_covered": 0.0, "percent_covered_display": "0", "missing_lines": 11, "excluded_lines": 0}, "missing_lines": [7, 8, 10, 11, 13, 16, 19, 29, 42, 58, 88], "excluded_lines": []}}}, "src\\ai_companion\\core\\prompts.py": {"executed_lines": [1, 21, 41, 54, 109], "summary": {"covered_lines": 5, "num_statements": 5, "percent_covered": 100.0, "percent_covered_display": "100", "missing_lines": 0, "excluded_lines": 0}, "missing_lines": [], "excluded_lines": [], "functions": {"": {"executed_lines": [1, 21, 41, 54, 109], "summary": {"covered_lines": 5, "num_statements": 5, "percent_covered": 100.0, "percent_covered_display": "100", "missing_lines": 0, "excluded_lines": 0}, "missing_lines": [], "excluded_lines": []}}, "classes": {"": {"executed_lines": [1, 21, 41, 54, 109], "summary": {"covered_lines": 5, "num_statements": 5, "percent_covered": 100.0, "percent_covered_display": "100", "missing_lines": 0, "excluded_lines": 0}, "missing_lines": [], "excluded_lines": []}}}, "src\\ai_companion\\core\\resilience.py": {"executed_lines": [1, 35, 36, 37, 39, 41, 44, 47, 48, 62, 69, 70, 71, 72, 74, 75, 76, 78, 79, 81, 83, 85, 88, 90, 92, 105, 107, 109, 110, 113, 114, 116, 126, 128, 129, 130, 131, 133, 147, 148, 154, 155, 157, 158, 159, 164, 179, 181, 182, 183, 184, 185, 186, 187, 189, 204, 206, 207, 208, 209, 210, 211, 212, 214, 216, 217, 218, 219, 222, 285, 286, 287, 290, 300, 301, 303, 309, 312, 322, 323, 325, 331, 334], "summary": {"covered_lines": 81, "num_statements": 106, "percent_covered": 76.41509433962264, "percent_covered_display": "76", "missing_lines": 25, "excluded_lines": 0}, "missing_lines": [86, 245, 252, 253, 255, 256, 257, 259, 260, 261, 265, 266, 267, 269, 270, 271, 274, 276, 277, 279, 281, 344, 345, 347, 353], "excluded_lines": [], "functions": {"CircuitBreaker.__init__": {"executed_lines": [69, 70, 71, 72, 74, 75, 76], "summary": {"covered_lines": 7, "num_statements": 7, "percent_covered": 100.0, "percent_covered_display": "100", "missing_lines": 0, "excluded_lines": 0}, "missing_lines": [], "excluded_lines": []}, "CircuitBreaker.state": {"executed_lines": [81], "summary": {"covered_lines": 1, "num_statements": 1, "percent_covered": 100.0, "percent_covered_display": "100", "missing_lines": 0, "excluded_lines": 0}, "missing_lines": [], "excluded_lines": []}, "CircuitBreaker._should_attempt_reset": {"executed_lines": [85, 88, 90], "summary": {"covered_lines": 3, "num_statements": 4, "percent_covered": 75.0, "percent_covered_display": "75", "missing_lines": 1, "excluded_lines": 0}, "missing_lines": [86], "excluded_lines": []}, "CircuitBreaker._check_circuit_state": {"executed_lines": [105, 107, 109, 110, 113, 114], "summary": {"covered_lines": 6, "num_statements": 6, "percent_covered": 100.0, "percent_covered_display": "100", "missing_lines": 0, "excluded_lines": 0}, "missing_lines": [], "excluded_lines": []}, "CircuitBreaker._handle_success": {"executed_lines": [126, 128, 129, 130, 131], "summary": {"covered_lines": 5, "num_statements": 5, "percent_covered": 100.0, "percent_covered_display": "100", "missing_lines": 0, "excluded_lines": 0}, "missing_lines": [], "excluded_lines": []}, "CircuitBreaker._handle_failure": {"executed_lines": [147, 148, 154, 155, 157, 158, 159], "summary": {"covered_lines": 7, "num_statements": 7, "percent_covered": 100.0, "percent_covered_display": "100", "missing_lines": 0, "excluded_lines": 0}, "missing_lines": [], "excluded_lines": []}, "CircuitBreaker.call": {"executed_lines": [179, 181, 182, 183, 184, 185, 186, 187], "summary": {"covered_lines": 8, "num_statements": 8, "percent_covered": 100.0, "percent_covered_display": "100", "missing_lines": 0, "excluded_lines": 0}, "missing_lines": [], "excluded_lines": []}, "CircuitBreaker.call_async": {"executed_lines": [204, 206, 207, 208, 209, 210, 211, 212], "summary": {"covered_lines": 8, "num_statements": 8, "percent_covered": 100.0, "percent_covered_display": "100", "missing_lines": 0, "excluded_lines": 0}, "missing_lines": [], "excluded_lines": []}, "CircuitBreaker.reset": {"executed_lines": [216, 217, 218, 219], "summary": {"covered_lines": 4, "num_statements": 4, "percent_covered": 100.0, "percent_covered_display": "100", "missing_lines": 0, "excluded_lines": 0}, "missing_lines": [], "excluded_lines": []}, "circuit_breaker": {"executed_lines": [], "summary": {"covered_lines": 0, "num_statements": 3, "percent_covered": 0.0, "percent_covered_display": "0", "missing_lines": 3, "excluded_lines": 0}, "missing_lines": [245, 252, 281], "excluded_lines": []}, "circuit_breaker.decorator": {"executed_lines": [], "summary": {"covered_lines": 0, "num_statements": 15, "percent_covered": 0.0, "percent_covered_display": "0", "missing_lines": 15, "excluded_lines": 0}, "missing_lines": [253, 255, 256, 259, 260, 265, 266, 267, 269, 270, 271, 274, 276, 277, 279], "excluded_lines": []}, "circuit_breaker.decorator.async_wrapper": {"executed_lines": [], "summary": {"covered_lines": 0, "num_statements": 1, "percent_covered": 0.0, "percent_covered_display": "0", "missing_lines": 1, "excluded_lines": 0}, "missing_lines": [257], "excluded_lines": []}, "circuit_breaker.decorator.sync_wrapper": {"executed_lines": [], "summary": {"covered_lines": 0, "num_statements": 1, "percent_covered": 0.0, "percent_covered_display": "0", "missing_lines": 1, "excluded_lines": 0}, "missing_lines": [261], "excluded_lines": []}, "get_groq_circuit_breaker": {"executed_lines": [300, 301, 303, 309], "summary": {"covered_lines": 4, "num_statements": 4, "percent_covered": 100.0, "percent_covered_display": "100", "missing_lines": 0, "excluded_lines": 0}, "missing_lines": [], "excluded_lines": []}, "get_elevenlabs_circuit_breaker": {"executed_lines": [322, 323, 325, 331], "summary": {"covered_lines": 4, "num_statements": 4, "percent_covered": 100.0, "percent_covered_display": "100", "missing_lines": 0, "excluded_lines": 0}, "missing_lines": [], "excluded_lines": []}, "get_qdrant_circuit_breaker": {"executed_lines": [], "summary": {"covered_lines": 0, "num_statements": 4, "percent_covered": 0.0, "percent_covered_display": "0", "missing_lines": 4, "excluded_lines": 0}, "missing_lines": [344, 345, 347, 353], "excluded_lines": []}, "": {"executed_lines": [1, 35, 36, 37, 39, 41, 44, 47, 48, 62, 78, 79, 83, 92, 116, 133, 164, 189, 214, 222, 285, 286, 287, 290, 312, 334], "summary": {"covered_lines": 24, "num_statements": 24, "percent_covered": 100.0, "percent_covered_display": "100", "missing_lines": 0, "excluded_lines": 0}, "missing_lines": [], "excluded_lines": []}}, "classes": {"CircuitBreaker": {"executed_lines": [69, 70, 71, 72, 74, 75, 76, 81, 85, 88, 90, 105, 107, 109, 110, 113, 114, 126, 128, 129, 130, 131, 147, 148, 154, 155, 157, 158, 159, 179, 181, 182, 183, 184, 185, 186, 187, 204, 206, 207, 208, 209, 210, 211, 212, 216, 217, 218, 219], "summary": {"covered_lines": 49, "num_statements": 50, "percent_covered": 98.0, "percent_covered_display": "98", "missing_lines": 1, "excluded_lines": 0}, "missing_lines": [86], "excluded_lines": []}, "": {"executed_lines": [1, 35, 36, 37, 39, 41, 44, 47, 48, 62, 78, 79, 83, 92, 116, 133, 164, 189, 214, 222, 285, 286, 287, 290, 300, 301, 303, 309, 312, 322, 323, 325, 331, 334], "summary": {"covered_lines": 32, "num_statements": 56, "percent_covered": 57.142857142857146, "percent_covered_display": "57", "missing_lines": 24, "excluded_lines": 0}, "missing_lines": [245, 252, 253, 255, 256, 257, 259, 260, 261, 265, 266, 267, 269, 270, 271, 274, 276, 277, 279, 281, 344, 345, 347, 353], "excluded_lines": []}}}, "src\\ai_companion\\core\\retry.py": {"executed_lines": [], "summary": {"covered_lines": 0, "num_statements": 52, "percent_covered": 0.0, "percent_covered_display": "0", "missing_lines": 52, "excluded_lines": 0}, "missing_lines": [3, 4, 5, 6, 8, 10, 13, 38, 39, 40, 41, 43, 44, 45, 47, 49, 50, 52, 53, 54, 61, 62, 63, 64, 67, 68, 69, 70, 71, 73, 75, 78, 113, 115, 117, 118, 119, 121, 123, 124, 126, 127, 128, 134, 135, 136, 137, 140, 141, 142, 143, 144], "excluded_lines": [], "functions": {"retry_with_exponential_backoff": {"executed_lines": [], "summary": {"covered_lines": 0, "num_statements": 3, "percent_covered": 0.0, "percent_covered_display": "0", "missing_lines": 3, "excluded_lines": 0}, "missing_lines": [38, 39, 75], "excluded_lines": []}, "retry_with_exponential_backoff.decorator": {"executed_lines": [], "summary": {"covered_lines": 0, "num_statements": 2, "percent_covered": 0.0, "percent_covered_display": "0", "missing_lines": 2, "excluded_lines": 0}, "missing_lines": [40, 73], "excluded_lines": []}, "retry_with_exponential_backoff.decorator.wrapper": {"executed_lines": [], "summary": {"covered_lines": 0, "num_statements": 19, "percent_covered": 0.0, "percent_covered_display": "0", "missing_lines": 19, "excluded_lines": 0}, "missing_lines": [41, 43, 44, 45, 47, 49, 50, 52, 53, 54, 61, 62, 63, 64, 67, 68, 69, 70, 71], "excluded_lines": []}, "async_retry_with_exponential_backoff": {"executed_lines": [], "summary": {"covered_lines": 0, "num_statements": 20, "percent_covered": 0.0, "percent_covered_display": "0", "missing_lines": 20, "excluded_lines": 0}, "missing_lines": [113, 115, 117, 118, 119, 121, 123, 124, 126, 127, 128, 134, 135, 136, 137, 140, 141, 142, 143, 144], "excluded_lines": []}, "": {"executed_lines": [], "summary": {"covered_lines": 0, "num_statements": 8, "percent_covered": 0.0, "percent_covered_display": "0", "missing_lines": 8, "excluded_lines": 0}, "missing_lines": [3, 4, 5, 6, 8, 10, 13, 78], "excluded_lines": []}}, "classes": {"": {"executed_lines": [], "summary": {"covered_lines": 0, "num_statements": 52, "percent_covered": 0.0, "percent_covered_display": "0", "missing_lines": 52, "excluded_lines": 0}, "missing_lines": [3, 4, 5, 6, 8, 10, 13, 38, 39, 40, 41, 43, 44, 45, 47, 49, 50, 52, 53, 54, 61, 62, 63, 64, 67, 68, 69, 70, 71, 73, 75, 78, 113, 115, 117, 118, 119, 121, 123, 124, 126, 127, 128, 134, 135, 136, 137, 140, 141, 142, 143, 144], "excluded_lines": []}}}, "src\\ai_companion\\core\\schedules.py": {"executed_lines": [2, 18, 34, 50, 66, 82, 98], "summary": {"covered_lines": 7, "num_statements": 7, "percent_covered": 100.0, "percent_covered_display": "100", "missing_lines": 0, "excluded_lines": 0}, "missing_lines": [], "excluded_lines": [], "functions": {"": {"executed_lines": [2, 18, 34, 50, 66, 82, 98], "summary": {"covered_lines": 7, "num_statements": 7, "percent_covered": 100.0, "percent_covered_display": "100", "missing_lines": 0, "excluded_lines": 0}, "missing_lines": [], "excluded_lines": []}}, "classes": {"": {"executed_lines": [2, 18, 34, 50, 66, 82, 98], "summary": {"covered_lines": 7, "num_statements": 7, "percent_covered": 100.0, "percent_covered_display": "100", "missing_lines": 0, "excluded_lines": 0}, "missing_lines": [], "excluded_lines": []}}}, "src\\ai_companion\\core\\session_cleanup.py": {"executed_lines": [], "summary": {"covered_lines": 0, "num_statements": 60, "percent_covered": 0.0, "percent_covered_display": "0", "missing_lines": 60, "excluded_lines": 0}, "missing_lines": [3, 4, 5, 6, 8, 9, 11, 14, 17, 23, 25, 34, 35, 37, 40, 41, 42, 43, 45, 46, 47, 50, 55, 56, 57, 58, 61, 62, 68, 70, 71, 74, 75, 77, 91, 97, 100, 101, 104, 106, 108, 109, 114, 115, 117, 119, 127, 135, 136, 138, 140, 141, 142, 143, 144, 145, 147, 150, 159, 160], "excluded_lines": [], "functions": {"SessionCleanupManager.__init__": {"executed_lines": [], "summary": {"covered_lines": 0, "num_statements": 1, "percent_covered": 0.0, "percent_covered_display": "0", "missing_lines": 1, "excluded_lines": 0}, "missing_lines": [23], "excluded_lines": []}, "SessionCleanupManager.cleanup_old_sessions": {"executed_lines": [], "summary": {"covered_lines": 0, "num_statements": 46, "percent_covered": 0.0, "percent_covered_display": "0", "missing_lines": 46, "excluded_lines": 0}, "missing_lines": [34, 35, 37, 40, 41, 42, 43, 45, 46, 47, 50, 55, 56, 57, 58, 61, 62, 68, 70, 71, 74, 75, 77, 91, 97, 100, 101, 104, 106, 108, 109, 114, 115, 117, 119, 127, 135, 136, 138, 140, 141, 142, 143, 144, 145, 147], "excluded_lines": []}, "cleanup_old_sessions": {"executed_lines": [], "summary": {"covered_lines": 0, "num_statements": 2, "percent_covered": 0.0, "percent_covered_display": "0", "missing_lines": 2, "excluded_lines": 0}, "missing_lines": [159, 160], "excluded_lines": []}, "": {"executed_lines": [], "summary": {"covered_lines": 0, "num_statements": 11, "percent_covered": 0.0, "percent_covered_display": "0", "missing_lines": 11, "excluded_lines": 0}, "missing_lines": [3, 4, 5, 6, 8, 9, 11, 14, 17, 25, 150], "excluded_lines": []}}, "classes": {"SessionCleanupManager": {"executed_lines": [], "summary": {"covered_lines": 0, "num_statements": 47, "percent_covered": 0.0, "percent_covered_display": "0", "missing_lines": 47, "excluded_lines": 0}, "missing_lines": [23, 34, 35, 37, 40, 41, 42, 43, 45, 46, 47, 50, 55, 56, 57, 58, 61, 62, 68, 70, 71, 74, 75, 77, 91, 97, 100, 101, 104, 106, 108, 109, 114, 115, 117, 119, 127, 135, 136, 138, 140, 141, 142, 143, 144, 145, 147], "excluded_lines": []}, "": {"executed_lines": [], "summary": {"covered_lines": 0, "num_statements": 13, "percent_covered": 0.0, "percent_covered_display": "0", "missing_lines": 13, "excluded_lines": 0}, "missing_lines": [3, 4, 5, 6, 8, 9, 11, 14, 17, 25, 150, 159, 160], "excluded_lines": []}}}, "src\\ai_companion\\graph\\__init__.py": {"executed_lines": [1, 3], "summary": {"covered_lines": 2, "num_statements": 2, "percent_covered": 100.0, "percent_covered_display": "100", "missing_lines": 0, "excluded_lines": 0}, "missing_lines": [], "excluded_lines": [], "functions": {"": {"executed_lines": [1, 3], "summary": {"covered_lines": 2, "num_statements": 2, "percent_covered": 100.0, "percent_covered_display": "100", "missing_lines": 0, "excluded_lines": 0}, "missing_lines": [], "excluded_lines": []}}, "classes": {"": {"executed_lines": [1, 3], "summary": {"covered_lines": 2, "num_statements": 2, "percent_covered": 100.0, "percent_covered_display": "100", "missing_lines": 0, "excluded_lines": 0}, "missing_lines": [], "excluded_lines": []}}}, "src\\ai_companion\\graph\\edges.py": {"executed_lines": [1, 2, 4, 5, 8, 11, 13, 14, 16, 19, 23, 25, 26, 29], "summary": {"covered_lines": 14, "num_statements": 14, "percent_covered": 100.0, "percent_covered_display": "100", "missing_lines": 0, "excluded_lines": 0}, "missing_lines": [], "excluded_lines": [], "functions": {"should_summarize_conversation": {"executed_lines": [11, 13, 14, 16], "summary": {"covered_lines": 4, "num_statements": 4, "percent_covered": 100.0, "percent_covered_display": "100", "missing_lines": 0, "excluded_lines": 0}, "missing_lines": [], "excluded_lines": []}, "select_workflow": {"executed_lines": [23, 25, 26, 29], "summary": {"covered_lines": 4, "num_statements": 4, "percent_covered": 100.0, "percent_covered_display": "100", "missing_lines": 0, "excluded_lines": 0}, "missing_lines": [], "excluded_lines": []}, "": {"executed_lines": [1, 2, 4, 5, 8, 19], "summary": {"covered_lines": 6, "num_statements": 6, "percent_covered": 100.0, "percent_covered_display": "100", "missing_lines": 0, "excluded_lines": 0}, "missing_lines": [], "excluded_lines": []}}, "classes": {"": {"executed_lines": [1, 2, 4, 5, 8, 11, 13, 14, 16, 19, 23, 25, 26, 29], "summary": {"covered_lines": 14, "num_statements": 14, "percent_covered": 100.0, "percent_covered_display": "100", "missing_lines": 0, "excluded_lines": 0}, "missing_lines": [], "excluded_lines": []}}}, "src\\ai_companion\\graph\\graph.py": {"executed_lines": [1, 7, 9, 11, 15, 24, 27, 28, 29, 32, 33, 34, 35, 36, 39, 40, 44, 47, 50, 51, 54, 57, 60, 61, 63, 67], "summary": {"covered_lines": 25, "num_statements": 25, "percent_covered": 100.0, "percent_covered_display": "100", "missing_lines": 0, "excluded_lines": 0}, "missing_lines": [], "excluded_lines": [], "functions": {"create_workflow_graph": {"executed_lines": [29, 32, 33, 34, 35, 36, 39, 40, 44, 47, 50, 51, 54, 57, 60, 61, 63], "summary": {"covered_lines": 17, "num_statements": 17, "percent_covered": 100.0, "percent_covered_display": "100", "missing_lines": 0, "excluded_lines": 0}, "missing_lines": [], "excluded_lines": []}, "": {"executed_lines": [1, 7, 9, 11, 15, 24, 27, 28, 67], "summary": {"covered_lines": 8, "num_statements": 8, "percent_covered": 100.0, "percent_covered_display": "100", "missing_lines": 0, "excluded_lines": 0}, "missing_lines": [], "excluded_lines": []}}, "classes": {"": {"executed_lines": [1, 7, 9, 11, 15, 24, 27, 28, 29, 32, 33, 34, 35, 36, 39, 40, 44, 47, 50, 51, 54, 57, 60, 61, 63, 67], "summary": {"covered_lines": 25, "num_statements": 25, "percent_covered": 100.0, "percent_covered_display": "100", "missing_lines": 0, "excluded_lines": 0}, "missing_lines": [], "excluded_lines": []}}}, "src\\ai_companion\\graph\\nodes.py": {"executed_lines": [1, 53, 54, 55, 56, 58, 59, 61, 62, 66, 71, 72, 73, 76, 90, 91, 92, 95, 110, 111, 112, 115, 118, 131, 132, 134, 136, 144, 147, 191, 206, 207, 209, 210, 212, 220, 222, 225, 240, 241, 243, 249, 255, 256, 258, 259, 262, 274, 277, 278, 279, 282, 294, 297, 298, 301, 303], "summary": {"covered_lines": 56, "num_statements": 71, "percent_covered": 78.87323943661971, "percent_covered_display": "79", "missing_lines": 15, "excluded_lines": 0}, "missing_lines": [114, 163, 164, 166, 167, 169, 171, 172, 173, 176, 177, 179, 188, 244, 275], "excluded_lines": [], "functions": {"router_node": {"executed_lines": [90, 91, 92], "summary": {"covered_lines": 3, "num_statements": 3, "percent_covered": 100.0, "percent_covered_display": "100", "missing_lines": 0, "excluded_lines": 0}, "missing_lines": [], "excluded_lines": []}, "context_injection_node": {"executed_lines": [110, 111, 112, 115], "summary": {"covered_lines": 4, "num_statements": 5, "percent_covered": 80.0, "percent_covered_display": "80", "missing_lines": 1, "excluded_lines": 0}, "missing_lines": [114], "excluded_lines": []}, "conversation_node": {"executed_lines": [131, 132, 134, 136, 144], "summary": {"covered_lines": 5, "num_statements": 5, "percent_covered": 100.0, "percent_covered_display": "100", "missing_lines": 0, "excluded_lines": 0}, "missing_lines": [], "excluded_lines": []}, "image_node": {"executed_lines": [], "summary": {"covered_lines": 0, "num_statements": 12, "percent_covered": 0.0, "percent_covered_display": "0", "missing_lines": 12, "excluded_lines": 0}, "missing_lines": [163, 164, 166, 167, 169, 171, 172, 173, 176, 177, 179, 188], "excluded_lines": []}, "audio_node": {"executed_lines": [206, 207, 209, 210, 212, 220, 222], "summary": {"covered_lines": 7, "num_statements": 7, "percent_covered": 100.0, "percent_covered_display": "100", "missing_lines": 0, "excluded_lines": 0}, "missing_lines": [], "excluded_lines": []}, "summarize_conversation_node": {"executed_lines": [240, 241, 243, 249, 255, 256, 258, 259], "summary": {"covered_lines": 8, "num_statements": 9, "percent_covered": 88.88888888888889, "percent_covered_display": "89", "missing_lines": 1, "excluded_lines": 0}, "missing_lines": [244], "excluded_lines": []}, "memory_extraction_node": {"executed_lines": [274, 277, 278, 279], "summary": {"covered_lines": 4, "num_statements": 5, "percent_covered": 80.0, "percent_covered_display": "80", "missing_lines": 1, "excluded_lines": 0}, "missing_lines": [275], "excluded_lines": []}, "memory_injection_node": {"executed_lines": [294, 297, 298, 301, 303], "summary": {"covered_lines": 5, "num_statements": 5, "percent_covered": 100.0, "percent_covered_display": "100", "missing_lines": 0, "excluded_lines": 0}, "missing_lines": [], "excluded_lines": []}, "": {"executed_lines": [1, 53, 54, 55, 56, 58, 59, 61, 62, 66, 71, 72, 73, 76, 95, 118, 147, 191, 225, 262, 282], "summary": {"covered_lines": 20, "num_statements": 20, "percent_covered": 100.0, "percent_covered_display": "100", "missing_lines": 0, "excluded_lines": 0}, "missing_lines": [], "excluded_lines": []}}, "classes": {"": {"executed_lines": [1, 53, 54, 55, 56, 58, 59, 61, 62, 66, 71, 72, 73, 76, 90, 91, 92, 95, 110, 111, 112, 115, 118, 131, 132, 134, 136, 144, 147, 191, 206, 207, 209, 210, 212, 220, 222, 225, 240, 241, 243, 249, 255, 256, 258, 259, 262, 274, 277, 278, 279, 282, 294, 297, 298, 301, 303], "summary": {"covered_lines": 56, "num_statements": 71, "percent_covered": 78.87323943661971, "percent_covered_display": "79", "missing_lines": 15, "excluded_lines": 0}, "missing_lines": [114, 163, 164, 166, 167, 169, 171, 172, 173, 176, 177, 179, 188, 244, 275], "excluded_lines": []}}}, "src\\ai_companion\\graph\\state.py": {"executed_lines": [1, 4, 5, 18, 19, 20, 21, 22, 23, 24], "summary": {"covered_lines": 9, "num_statements": 9, "percent_covered": 100.0, "percent_covered_display": "100", "missing_lines": 0, "excluded_lines": 0}, "missing_lines": [], "excluded_lines": [], "functions": {"": {"executed_lines": [1, 4, 5, 18, 19, 20, 21, 22, 23, 24], "summary": {"covered_lines": 9, "num_statements": 9, "percent_covered": 100.0, "percent_covered_display": "100", "missing_lines": 0, "excluded_lines": 0}, "missing_lines": [], "excluded_lines": []}}, "classes": {"AICompanionState": {"executed_lines": [], "summary": {"covered_lines": 0, "num_statements": 0, "percent_covered": 100.0, "percent_covered_display": "100", "missing_lines": 0, "excluded_lines": 0}, "missing_lines": [], "excluded_lines": []}, "": {"executed_lines": [1, 4, 5, 18, 19, 20, 21, 22, 23, 24], "summary": {"covered_lines": 9, "num_statements": 9, "percent_covered": 100.0, "percent_covered_display": "100", "missing_lines": 0, "excluded_lines": 0}, "missing_lines": [], "excluded_lines": []}}}, "src\\ai_companion\\graph\\utils\\__init__.py": {"executed_lines": [0], "summary": {"covered_lines": 0, "num_statements": 0, "percent_covered": 100.0, "percent_covered_display": "100", "missing_lines": 0, "excluded_lines": 0}, "missing_lines": [], "excluded_lines": [], "functions": {"": {"executed_lines": [], "summary": {"covered_lines": 0, "num_statements": 0, "percent_covered": 100.0, "percent_covered_display": "100", "missing_lines": 0, "excluded_lines": 0}, "missing_lines": [], "excluded_lines": []}}, "classes": {"": {"executed_lines": [], "summary": {"covered_lines": 0, "num_statements": 0, "percent_covered": 100.0, "percent_covered_display": "100", "missing_lines": 0, "excluded_lines": 0}, "missing_lines": [], "excluded_lines": []}}}, "src\\ai_companion\\graph\\utils\\chains.py": {"executed_lines": [1, 7, 9, 10, 11, 13, 14, 17, 18, 24, 29, 49], "summary": {"covered_lines": 10, "num_statements": 20, "percent_covered": 50.0, "percent_covered_display": "50", "missing_lines": 10, "excluded_lines": 0}, "missing_lines": [38, 40, 42, 46, 61, 62, 64, 65, 67, 74], "excluded_lines": [], "functions": {"get_router_chain": {"executed_lines": [], "summary": {"covered_lines": 0, "num_statements": 4, "percent_covered": 0.0, "percent_covered_display": "0", "missing_lines": 4, "excluded_lines": 0}, "missing_lines": [38, 40, 42, 46], "excluded_lines": []}, "get_character_response_chain": {"executed_lines": [], "summary": {"covered_lines": 0, "num_statements": 6, "percent_covered": 0.0, "percent_covered_display": "0", "missing_lines": 6, "excluded_lines": 0}, "missing_lines": [61, 62, 64, 65, 67, 74], "excluded_lines": []}, "": {"executed_lines": [1, 7, 9, 10, 11, 13, 14, 17, 18, 24, 29, 49], "summary": {"covered_lines": 10, "num_statements": 10, "percent_covered": 100.0, "percent_covered_display": "100", "missing_lines": 0, "excluded_lines": 0}, "missing_lines": [], "excluded_lines": []}}, "classes": {"RouterResponse": {"executed_lines": [], "summary": {"covered_lines": 0, "num_statements": 0, "percent_covered": 100.0, "percent_covered_display": "100", "missing_lines": 0, "excluded_lines": 0}, "missing_lines": [], "excluded_lines": []}, "": {"executed_lines": [1, 7, 9, 10, 11, 13, 14, 17, 18, 24, 29, 49], "summary": {"covered_lines": 10, "num_statements": 20, "percent_covered": 50.0, "percent_covered_display": "50", "missing_lines": 10, "excluded_lines": 0}, "missing_lines": [38, 40, 42, 46, 61, 62, 64, 65, 67, 74], "excluded_lines": []}}}, "src\\ai_companion\\graph\\utils\\helpers.py": {"executed_lines": [1, 8, 9, 11, 12, 14, 15, 16, 17, 20, 40, 49, 58, 67, 79, 80, 86], "summary": {"covered_lines": 15, "num_statements": 22, "percent_covered": 68.18181818181819, "percent_covered_display": "68", "missing_lines": 7, "excluded_lines": 0}, "missing_lines": [30, 31, 46, 55, 64, 76, 95], "excluded_lines": [], "functions": {"get_chat_model": {"executed_lines": [], "summary": {"covered_lines": 0, "num_statements": 2, "percent_covered": 0.0, "percent_covered_display": "0", "missing_lines": 2, "excluded_lines": 0}, "missing_lines": [30, 31], "excluded_lines": []}, "get_text_to_speech_module": {"executed_lines": [], "summary": {"covered_lines": 0, "num_statements": 1, "percent_covered": 0.0, "percent_covered_display": "0", "missing_lines": 1, "excluded_lines": 0}, "missing_lines": [46], "excluded_lines": []}, "get_text_to_image_module": {"executed_lines": [], "summary": {"covered_lines": 0, "num_statements": 1, "percent_covered": 0.0, "percent_covered_display": "0", "missing_lines": 1, "excluded_lines": 0}, "missing_lines": [55], "excluded_lines": []}, "get_image_to_text_module": {"executed_lines": [], "summary": {"covered_lines": 0, "num_statements": 1, "percent_covered": 0.0, "percent_covered_display": "0", "missing_lines": 1, "excluded_lines": 0}, "missing_lines": [64], "excluded_lines": []}, "remove_asterisk_content": {"executed_lines": [], "summary": {"covered_lines": 0, "num_statements": 1, "percent_covered": 0.0, "percent_covered_display": "0", "missing_lines": 1, "excluded_lines": 0}, "missing_lines": [76], "excluded_lines": []}, "AsteriskRemovalParser.parse": {"executed_lines": [], "summary": {"covered_lines": 0, "num_statements": 1, "percent_covered": 0.0, "percent_covered_display": "0", "missing_lines": 1, "excluded_lines": 0}, "missing_lines": [95], "excluded_lines": []}, "": {"executed_lines": [1, 8, 9, 11, 12, 14, 15, 16, 17, 20, 40, 49, 58, 67, 79, 80, 86], "summary": {"covered_lines": 15, "num_statements": 15, "percent_covered": 100.0, "percent_covered_display": "100", "missing_lines": 0, "excluded_lines": 0}, "missing_lines": [], "excluded_lines": []}}, "classes": {"AsteriskRemovalParser": {"executed_lines": [], "summary": {"covered_lines": 0, "num_statements": 1, "percent_covered": 0.0, "percent_covered_display": "0", "missing_lines": 1, "excluded_lines": 0}, "missing_lines": [95], "excluded_lines": []}, "": {"executed_lines": [1, 8, 9, 11, 12, 14, 15, 16, 17, 20, 40, 49, 58, 67, 79, 80, 86], "summary": {"covered_lines": 15, "num_statements": 21, "percent_covered": 71.42857142857143, "percent_covered_display": "71", "missing_lines": 6, "excluded_lines": 0}, "missing_lines": [30, 31, 46, 55, 64, 76], "excluded_lines": []}}}, "src\\ai_companion\\interfaces\\__init__.py": {"executed_lines": [], "summary": {"covered_lines": 0, "num_statements": 0, "percent_covered": 100.0, "percent_covered_display": "100", "missing_lines": 0, "excluded_lines": 0}, "missing_lines": [], "excluded_lines": [], "functions": {"": {"executed_lines": [], "summary": {"covered_lines": 0, "num_statements": 0, "percent_covered": 100.0, "percent_covered_display": "100", "missing_lines": 0, "excluded_lines": 0}, "missing_lines": [], "excluded_lines": []}}, "classes": {"": {"executed_lines": [], "summary": {"covered_lines": 0, "num_statements": 0, "percent_covered": 100.0, "percent_covered_display": "100", "missing_lines": 0, "excluded_lines": 0}, "missing_lines": [], "excluded_lines": []}}}, "src\\ai_companion\\interfaces\\chainlit\\__init__.py": {"executed_lines": [], "summary": {"covered_lines": 0, "num_statements": 0, "percent_covered": 100.0, "percent_covered_display": "100", "missing_lines": 0, "excluded_lines": 0}, "missing_lines": [], "excluded_lines": [], "functions": {"": {"executed_lines": [], "summary": {"covered_lines": 0, "num_statements": 0, "percent_covered": 100.0, "percent_covered_display": "100", "missing_lines": 0, "excluded_lines": 0}, "missing_lines": [], "excluded_lines": []}}, "classes": {"": {"executed_lines": [], "summary": {"covered_lines": 0, "num_statements": 0, "percent_covered": 100.0, "percent_covered_display": "100", "missing_lines": 0, "excluded_lines": 0}, "missing_lines": [], "excluded_lines": []}}}, "src\\ai_companion\\interfaces\\chainlit\\app.py": {"executed_lines": [], "summary": {"covered_lines": 0, "num_statements": 120, "percent_covered": 0.0, "percent_covered_display": "0", "missing_lines": 120, "excluded_lines": 0}, "missing_lines": [41, 42, 44, 45, 46, 47, 49, 50, 51, 52, 53, 56, 67, 68, 69, 70, 71, 74, 85, 86, 87, 88, 89, 92, 103, 104, 105, 106, 107, 110, 111, 119, 123, 124, 125, 128, 129, 135, 138, 139, 140, 141, 143, 144, 147, 149, 150, 154, 155, 156, 159, 161, 162, 163, 164, 167, 168, 169, 174, 177, 179, 180, 181, 182, 185, 187, 188, 189, 192, 193, 194, 195, 198, 200, 201, 202, 203, 209, 210, 211, 212, 213, 215, 218, 219, 221, 222, 223, 224, 225, 226, 229, 230, 237, 238, 239, 242, 243, 246, 247, 249, 251, 252, 253, 256, 257, 264, 265, 266, 269, 272, 273, 275, 281, 283, 284, 285, 288, 289, 290], "excluded_lines": [], "functions": {"get_speech_to_text": {"executed_lines": [], "summary": {"covered_lines": 0, "num_statements": 5, "percent_covered": 0.0, "percent_covered_display": "0", "missing_lines": 5, "excluded_lines": 0}, "missing_lines": [67, 68, 69, 70, 71], "excluded_lines": []}, "get_text_to_speech": {"executed_lines": [], "summary": {"covered_lines": 0, "num_statements": 5, "percent_covered": 0.0, "percent_covered_display": "0", "missing_lines": 5, "excluded_lines": 0}, "missing_lines": [85, 86, 87, 88, 89], "excluded_lines": []}, "get_image_to_text": {"executed_lines": [], "summary": {"covered_lines": 0, "num_statements": 5, "percent_covered": 0.0, "percent_covered_display": "0", "missing_lines": 5, "excluded_lines": 0}, "missing_lines": [103, 104, 105, 106, 107], "excluded_lines": []}, "on_chat_start": {"executed_lines": [], "summary": {"covered_lines": 0, "num_statements": 4, "percent_covered": 0.0, "percent_covered_display": "0", "missing_lines": 4, "excluded_lines": 0}, "missing_lines": [119, 123, 124, 125], "excluded_lines": []}, "on_message": {"executed_lines": [], "summary": {"covered_lines": 0, "num_statements": 46, "percent_covered": 0.0, "percent_covered_display": "0", "missing_lines": 46, "excluded_lines": 0}, "missing_lines": [135, 138, 139, 140, 141, 143, 144, 147, 149, 150, 154, 155, 156, 159, 161, 162, 163, 164, 167, 168, 169, 174, 177, 179, 180, 181, 182, 185, 187, 188, 189, 192, 193, 194, 195, 198, 200, 201, 202, 203, 209, 210, 211, 212, 213, 215], "excluded_lines": []}, "on_audio_chunk": {"executed_lines": [], "summary": {"covered_lines": 0, "num_statements": 6, "percent_covered": 0.0, "percent_covered_display": "0", "missing_lines": 6, "excluded_lines": 0}, "missing_lines": [221, 222, 223, 224, 225, 226], "excluded_lines": []}, "on_audio_end": {"executed_lines": [], "summary": {"covered_lines": 0, "num_statements": 27, "percent_covered": 0.0, "percent_covered_display": "0", "missing_lines": 27, "excluded_lines": 0}, "missing_lines": [237, 238, 239, 242, 243, 246, 247, 249, 251, 252, 253, 256, 257, 264, 265, 266, 269, 272, 273, 275, 281, 283, 284, 285, 288, 289, 290], "excluded_lines": []}, "": {"executed_lines": [], "summary": {"covered_lines": 0, "num_statements": 22, "percent_covered": 0.0, "percent_covered_display": "0", "missing_lines": 22, "excluded_lines": 0}, "missing_lines": [41, 42, 44, 45, 46, 47, 49, 50, 51, 52, 53, 56, 74, 92, 110, 111, 128, 129, 218, 219, 229, 230], "excluded_lines": []}}, "classes": {"": {"executed_lines": [], "summary": {"covered_lines": 0, "num_statements": 120, "percent_covered": 0.0, "percent_covered_display": "0", "missing_lines": 120, "excluded_lines": 0}, "missing_lines": [41, 42, 44, 45, 46, 47, 49, 50, 51, 52, 53, 56, 67, 68, 69, 70, 71, 74, 85, 86, 87, 88, 89, 92, 103, 104, 105, 106, 107, 110, 111, 119, 123, 124, 125, 128, 129, 135, 138, 139, 140, 141, 143, 144, 147, 149, 150, 154, 155, 156, 159, 161, 162, 163, 164, 167, 168, 169, 174, 177, 179, 180, 181, 182, 185, 187, 188, 189, 192, 193, 194, 195, 198, 200, 201, 202, 203, 209, 210, 211, 212, 213, 215, 218, 219, 221, 222, 223, 224, 225, 226, 229, 230, 237, 238, 239, 242, 243, 246, 247, 249, 251, 252, 253, 256, 257, 264, 265, 266, 269, 272, 273, 275, 281, 283, 284, 285, 288, 289, 290], "excluded_lines": []}}}, "src\\ai_companion\\interfaces\\web\\__init__.py": {"executed_lines": [], "summary": {"covered_lines": 0, "num_statements": 0, "percent_covered": 100.0, "percent_covered_display": "100", "missing_lines": 0, "excluded_lines": 0}, "missing_lines": [], "excluded_lines": [], "functions": {"": {"executed_lines": [], "summary": {"covered_lines": 0, "num_statements": 0, "percent_covered": 100.0, "percent_covered_display": "100", "missing_lines": 0, "excluded_lines": 0}, "missing_lines": [], "excluded_lines": []}}, "classes": {"": {"executed_lines": [], "summary": {"covered_lines": 0, "num_statements": 0, "percent_covered": 100.0, "percent_covered_display": "100", "missing_lines": 0, "excluded_lines": 0}, "missing_lines": [], "excluded_lines": []}}}, "src\\ai_companion\\interfaces\\web\\app.py": {"executed_lines": [], "summary": {"covered_lines": 0, "num_statements": 108, "percent_covered": 0.0, "percent_covered_display": "0", "missing_lines": 108, "excluded_lines": 0}, "missing_lines": [3, 4, 6, 7, 8, 9, 10, 11, 12, 13, 15, 16, 21, 22, 23, 24, 25, 26, 27, 28, 31, 33, 36, 39, 40, 42, 45, 48, 59, 71, 83, 84, 87, 88, 90, 93, 94, 97, 98, 101, 103, 117, 118, 120, 121, 123, 126, 127, 130, 131, 133, 134, 135, 136, 144, 147, 148, 150, 159, 160, 161, 164, 165, 166, 167, 168, 171, 172, 175, 176, 177, 178, 181, 182, 183, 184, 185, 188, 189, 190, 191, 192, 194, 197, 198, 202, 205, 206, 208, 211, 212, 214, 215, 217, 218, 220, 223, 224, 227, 228, 231, 232, 233, 235, 238, 239, 241, 244], "excluded_lines": [], "functions": {"lifespan": {"executed_lines": [], "summary": {"covered_lines": 0, "num_statements": 14, "percent_covered": 0.0, "percent_covered_display": "0", "missing_lines": 14, "excluded_lines": 0}, "missing_lines": [42, 45, 48, 59, 71, 83, 84, 87, 88, 90, 93, 94, 97, 98], "excluded_lines": []}, "create_app": {"executed_lines": [], "summary": {"covered_lines": 0, "num_statements": 48, "percent_covered": 0.0, "percent_covered_display": "0", "missing_lines": 48, "excluded_lines": 0}, "missing_lines": [103, 117, 118, 120, 121, 123, 126, 127, 130, 131, 147, 148, 150, 159, 160, 161, 164, 165, 166, 167, 168, 171, 172, 175, 176, 177, 178, 181, 182, 183, 184, 185, 188, 189, 190, 191, 192, 194, 197, 198, 202, 205, 206, 223, 224, 238, 239, 241], "excluded_lines": []}, "create_app.limit_request_size": {"executed_lines": [], "summary": {"covered_lines": 0, "num_statements": 5, "percent_covered": 0.0, "percent_covered_display": "0", "missing_lines": 5, "excluded_lines": 0}, "missing_lines": [133, 134, 135, 136, 144], "excluded_lines": []}, "create_app.add_cache_headers": {"executed_lines": [], "summary": {"covered_lines": 0, "num_statements": 8, "percent_covered": 0.0, "percent_covered_display": "0", "missing_lines": 8, "excluded_lines": 0}, "missing_lines": [208, 211, 212, 214, 215, 217, 218, 220], "excluded_lines": []}, "create_app.serve_react_app": {"executed_lines": [], "summary": {"covered_lines": 0, "num_statements": 6, "percent_covered": 0.0, "percent_covered_display": "0", "missing_lines": 6, "excluded_lines": 0}, "missing_lines": [227, 228, 231, 232, 233, 235], "excluded_lines": []}, "": {"executed_lines": [], "summary": {"covered_lines": 0, "num_statements": 27, "percent_covered": 0.0, "percent_covered_display": "0", "missing_lines": 27, "excluded_lines": 0}, "missing_lines": [3, 4, 6, 7, 8, 9, 10, 11, 12, 13, 15, 16, 21, 22, 23, 24, 25, 26, 27, 28, 31, 33, 36, 39, 40, 101, 244], "excluded_lines": []}}, "classes": {"": {"executed_lines": [], "summary": {"covered_lines": 0, "num_statements": 108, "percent_covered": 0.0, "percent_covered_display": "0", "missing_lines": 108, "excluded_lines": 0}, "missing_lines": [3, 4, 6, 7, 8, 9, 10, 11, 12, 13, 15, 16, 21, 22, 23, 24, 25, 26, 27, 28, 31, 33, 36, 39, 40, 42, 45, 48, 59, 71, 83, 84, 87, 88, 90, 93, 94, 97, 98, 101, 103, 117, 118, 120, 121, 123, 126, 127, 130, 131, 133, 134, 135, 136, 144, 147, 148, 150, 159, 160, 161, 164, 165, 166, 167, 168, 171, 172, 175, 176, 177, 178, 181, 182, 183, 184, 185, 188, 189, 190, 191, 192, 194, 197, 198, 202, 205, 206, 208, 211, 212, 214, 215, 217, 218, 220, 223, 224, 227, 228, 231, 232, 233, 235, 238, 239, 241, 244], "excluded_lines": []}}}, "src\\ai_companion\\interfaces\\web\\middleware.py": {"executed_lines": [], "summary": {"covered_lines": 0, "num_statements": 41, "percent_covered": 0.0, "percent_covered_display": "0", "missing_lines": 41, "excluded_lines": 0}, "missing_lines": [3, 4, 5, 6, 7, 9, 10, 11, 13, 16, 19, 30, 33, 36, 37, 40, 43, 45, 48, 51, 61, 64, 76, 79, 82, 85, 88, 91, 93, 96, 102, 104, 105, 106, 107, 110, 120, 124, 129, 131, 132], "excluded_lines": [], "functions": {"RequestIDMiddleware.dispatch": {"executed_lines": [], "summary": {"covered_lines": 0, "num_statements": 7, "percent_covered": 0.0, "percent_covered_display": "0", "missing_lines": 7, "excluded_lines": 0}, "missing_lines": [30, 33, 36, 37, 40, 43, 45], "excluded_lines": []}, "SecurityHeadersMiddleware.dispatch": {"executed_lines": [], "summary": {"covered_lines": 0, "num_statements": 9, "percent_covered": 0.0, "percent_covered_display": "0", "missing_lines": 9, "excluded_lines": 0}, "missing_lines": [61, 64, 76, 79, 82, 85, 88, 91, 93], "excluded_lines": []}, "set_secure_file_permissions": {"executed_lines": [], "summary": {"covered_lines": 0, "num_statements": 5, "percent_covered": 0.0, "percent_covered_display": "0", "missing_lines": 5, "excluded_lines": 0}, "missing_lines": [102, 104, 105, 106, 107], "excluded_lines": []}, "create_secure_temp_file": {"executed_lines": [], "summary": {"covered_lines": 0, "num_statements": 5, "percent_covered": 0.0, "percent_covered_display": "0", "missing_lines": 5, "excluded_lines": 0}, "missing_lines": [120, 124, 129, 131, 132], "excluded_lines": []}, "": {"executed_lines": [], "summary": {"covered_lines": 0, "num_statements": 15, "percent_covered": 0.0, "percent_covered_display": "0", "missing_lines": 15, "excluded_lines": 0}, "missing_lines": [3, 4, 5, 6, 7, 9, 10, 11, 13, 16, 19, 48, 51, 96, 110], "excluded_lines": []}}, "classes": {"RequestIDMiddleware": {"executed_lines": [], "summary": {"covered_lines": 0, "num_statements": 7, "percent_covered": 0.0, "percent_covered_display": "0", "missing_lines": 7, "excluded_lines": 0}, "missing_lines": [30, 33, 36, 37, 40, 43, 45], "excluded_lines": []}, "SecurityHeadersMiddleware": {"executed_lines": [], "summary": {"covered_lines": 0, "num_statements": 9, "percent_covered": 0.0, "percent_covered_display": "0", "missing_lines": 9, "excluded_lines": 0}, "missing_lines": [61, 64, 76, 79, 82, 85, 88, 91, 93], "excluded_lines": []}, "": {"executed_lines": [], "summary": {"covered_lines": 0, "num_statements": 25, "percent_covered": 0.0, "percent_covered_display": "0", "missing_lines": 25, "excluded_lines": 0}, "missing_lines": [3, 4, 5, 6, 7, 9, 10, 11, 13, 16, 19, 48, 51, 96, 102, 104, 105, 106, 107, 110, 120, 124, 129, 131, 132], "excluded_lines": []}}}, "src\\ai_companion\\interfaces\\web\\models.py": {"executed_lines": [], "summary": {"covered_lines": 0, "num_statements": 8, "percent_covered": 0.0, "percent_covered_display": "0", "missing_lines": 8, "excluded_lines": 0}, "missing_lines": [3, 5, 8, 18, 19, 20, 21, 23], "excluded_lines": [], "functions": {"": {"executed_lines": [], "summary": {"covered_lines": 0, "num_statements": 8, "percent_covered": 0.0, "percent_covered_display": "0", "missing_lines": 8, "excluded_lines": 0}, "missing_lines": [3, 5, 8, 18, 19, 20, 21, 23], "excluded_lines": []}}, "classes": {"ErrorResponse": {"executed_lines": [], "summary": {"covered_lines": 0, "num_statements": 0, "percent_covered": 100.0, "percent_covered_display": "100", "missing_lines": 0, "excluded_lines": 0}, "missing_lines": [], "excluded_lines": []}, "": {"executed_lines": [], "summary": {"covered_lines": 0, "num_statements": 8, "percent_covered": 0.0, "percent_covered_display": "0", "missing_lines": 8, "excluded_lines": 0}, "missing_lines": [3, 5, 8, 18, 19, 20, 21, 23], "excluded_lines": []}}}, "src\\ai_companion\\interfaces\\web\\routes\\__init__.py": {"executed_lines": [], "summary": {"covered_lines": 0, "num_statements": 0, "percent_covered": 100.0, "percent_covered_display": "100", "missing_lines": 0, "excluded_lines": 0}, "missing_lines": [], "excluded_lines": [], "functions": {"": {"executed_lines": [], "summary": {"covered_lines": 0, "num_statements": 0, "percent_covered": 100.0, "percent_covered_display": "100", "missing_lines": 0, "excluded_lines": 0}, "missing_lines": [], "excluded_lines": []}}, "classes": {"": {"executed_lines": [], "summary": {"covered_lines": 0, "num_statements": 0, "percent_covered": 100.0, "percent_covered_display": "100", "missing_lines": 0, "excluded_lines": 0}, "missing_lines": [], "excluded_lines": []}}}, "src\\ai_companion\\interfaces\\web\\routes\\health.py": {"executed_lines": [], "summary": {"covered_lines": 0, "num_statements": 62, "percent_covered": 0.0, "percent_covered_display": "0", "missing_lines": 62, "excluded_lines": 0}, "missing_lines": [3, 4, 5, 7, 8, 9, 10, 12, 13, 14, 16, 18, 21, 24, 33, 34, 35, 37, 55, 56, 57, 58, 88, 91, 92, 94, 96, 97, 98, 99, 102, 103, 105, 106, 108, 111, 112, 113, 114, 115, 118, 119, 121, 122, 123, 124, 125, 128, 129, 132, 135, 136, 137, 138, 139, 141, 142, 143, 144, 147, 149, 151], "excluded_lines": [], "functions": {"health_check": {"executed_lines": [], "summary": {"covered_lines": 0, "num_statements": 40, "percent_covered": 0.0, "percent_covered_display": "0", "missing_lines": 40, "excluded_lines": 0}, "missing_lines": [88, 91, 92, 94, 96, 97, 98, 99, 102, 103, 105, 106, 108, 111, 112, 113, 114, 115, 118, 119, 121, 122, 123, 124, 125, 128, 129, 132, 135, 136, 137, 138, 139, 141, 142, 143, 144, 147, 149, 151], "excluded_lines": []}, "": {"executed_lines": [], "summary": {"covered_lines": 0, "num_statements": 22, "percent_covered": 0.0, "percent_covered_display": "0", "missing_lines": 22, "excluded_lines": 0}, "missing_lines": [3, 4, 5, 7, 8, 9, 10, 12, 13, 14, 16, 18, 21, 24, 33, 34, 35, 37, 55, 56, 57, 58], "excluded_lines": []}}, "classes": {"HealthCheckResponse": {"executed_lines": [], "summary": {"covered_lines": 0, "num_statements": 0, "percent_covered": 100.0, "percent_covered_display": "100", "missing_lines": 0, "excluded_lines": 0}, "missing_lines": [], "excluded_lines": []}, "": {"executed_lines": [], "summary": {"covered_lines": 0, "num_statements": 62, "percent_covered": 0.0, "percent_covered_display": "0", "missing_lines": 62, "excluded_lines": 0}, "missing_lines": [3, 4, 5, 7, 8, 9, 10, 12, 13, 14, 16, 18, 21, 24, 33, 34, 35, 37, 55, 56, 57, 58, 88, 91, 92, 94, 96, 97, 98, 99, 102, 103, 105, 106, 108, 111, 112, 113, 114, 115, 118, 119, 121, 122, 123, 124, 125, 128, 129, 132, 135, 136, 137, 138, 139, 141, 142, 143, 144, 147, 149, 151], "excluded_lines": []}}}, "src\\ai_companion\\interfaces\\web\\routes\\metrics.py": {"executed_lines": [], "summary": {"covered_lines": 0, "num_statements": 22, "percent_covered": 0.0, "percent_covered_display": "0", "missing_lines": 22, "excluded_lines": 0}, "missing_lines": [3, 5, 6, 7, 8, 10, 11, 13, 15, 18, 21, 31, 32, 33, 34, 36, 61, 62, 63, 92, 94, 96], "excluded_lines": [], "functions": {"get_metrics": {"executed_lines": [], "summary": {"covered_lines": 0, "num_statements": 3, "percent_covered": 0.0, "percent_covered_display": "0", "missing_lines": 3, "excluded_lines": 0}, "missing_lines": [92, 94, 96], "excluded_lines": []}, "": {"executed_lines": [], "summary": {"covered_lines": 0, "num_statements": 19, "percent_covered": 0.0, "percent_covered_display": "0", "missing_lines": 19, "excluded_lines": 0}, "missing_lines": [3, 5, 6, 7, 8, 10, 11, 13, 15, 18, 21, 31, 32, 33, 34, 36, 61, 62, 63], "excluded_lines": []}}, "classes": {"MetricsResponse": {"executed_lines": [], "summary": {"covered_lines": 0, "num_statements": 0, "percent_covered": 100.0, "percent_covered_display": "100", "missing_lines": 0, "excluded_lines": 0}, "missing_lines": [], "excluded_lines": []}, "": {"executed_lines": [], "summary": {"covered_lines": 0, "num_statements": 22, "percent_covered": 0.0, "percent_covered_display": "0", "missing_lines": 22, "excluded_lines": 0}, "missing_lines": [3, 5, 6, 7, 8, 10, 11, 13, 15, 18, 21, 31, 32, 33, 34, 36, 61, 62, 63, 92,
[...]
[], "summary": {"covered_lines": 0, "num_statements": 0, "percent_covered": 100.0, "percent_covered_display": "100", "missing_lines": 0, "excluded_lines": 0}, "missing_lines": [], "excluded_lines": []}}, "classes": {"": {"executed_lines": [], "summary": {"covered_lines": 0, "num_statements": 0, "percent_covered": 100.0, "percent_covered_display": "100", "missing_lines": 0, "excluded_lines": 0}, "missing_lines": [], "excluded_lines": []}}}, "src\\ai_companion\\modules\\schedules\\context_generation.py": {"executed_lines": [1, 2, 4, 15, 16, 18, 28, 29, 36, 37, 65, 66], "summary": {"covered_lines": 11, "num_statements": 28, "percent_covered": 39.285714285714285, "percent_covered_display": "39", "missing_lines": 17, "excluded_lines": 0}, "missing_lines": [31, 32, 33, 34, 44, 45, 46, 49, 52, 53, 56, 57, 58, 60, 61, 63, 75], "excluded_lines": [], "functions": {"ScheduleContextGenerator._parse_time_range": {"executed_lines": [], "summary": {"covered_lines": 0, "num_statements": 4, "percent_covered": 0.0, "percent_covered_display": "0", "missing_lines": 4, "excluded_lines": 0}, "missing_lines": [31, 32, 33, 34], "excluded_lines": []}, "ScheduleContextGenerator.get_current_activity": {"executed_lines": [], "summary": {"covered_lines": 0, "num_statements": 12, "percent_covered": 0.0, "percent_covered_display": "0", "missing_lines": 12, "excluded_lines": 0}, "missing_lines": [44, 45, 46, 49, 52, 53, 56, 57, 58, 60, 61, 63], "excluded_lines": []}, "ScheduleContextGenerator.get_schedule_for_day": {"executed_lines": [], "summary": {"covered_lines": 0, "num_statements": 1, "percent_covered": 0.0, "percent_covered_display": "0", "missing_lines": 1, "excluded_lines": 0}, "missing_lines": [75], "excluded_lines": []}, "": {"executed_lines": [1, 2, 4, 15, 16, 18, 28, 29, 36, 37, 65, 66], "summary": {"covered_lines": 11, "num_statements": 11, "percent_covered": 100.0, "percent_covered_display": "100", "missing_lines": 0, "excluded_lines": 0}, "missing_lines": [], "excluded_lines": []}}, "classes": {"ScheduleContextGenerator": {"executed_lines": [], "summary": {"covered_lines": 0, "num_statements": 17, "percent_covered": 0.0, "percent_covered_display": "0", "missing_lines": 17, "excluded_lines": 0}, "missing_lines": [31, 32, 33, 34, 44, 45, 46, 49, 52, 53, 56, 57, 58, 60, 61, 63, 75], "excluded_lines": []}, "": {"executed_lines": [1, 2, 4, 15, 16, 18, 28, 29, 36, 37, 65, 66], "summary": {"covered_lines": 11, "num_statements": 11, "percent_covered": 100.0, "percent_covered_display": "100", "missing_lines": 0, "excluded_lines": 0}, "missing_lines": [], "excluded_lines": []}}}, "src\\ai_companion\\modules\\speech\\__init__.py": {"executed_lines": [1, 2, 4], "summary": {"covered_lines": 3, "num_statements": 3, "percent_covered": 100.0, "percent_covered_display": "100", "missing_lines": 0, "excluded_lines": 0}, "missing_lines": [], "excluded_lines": [], "functions": {"": {"executed_lines": [1, 2, 4], "summary": {"covered_lines": 3, "num_statements": 3, "percent_covered": 100.0, "percent_covered_display": "100", "missing_lines": 0, "excluded_lines": 0}, "missing_lines": [], "excluded_lines": []}}, "classes": {"": {"executed_lines": [1, 2, 4], "summary": {"covered_lines": 3, "num_statements": 3, "percent_covered": 100.0, "percent_covered_display": "100", "missing_lines": 0, "excluded_lines": 0}, "missing_lines": [], "excluded_lines": []}}}, "src\\ai_companion\\modules\\speech\\speech_to_text.py": {"executed_lines": [1, 53, 54, 55, 56, 57, 59, 61, 62, 63, 65, 68, 69, 78, 80, 82, 83, 85, 86, 88, 89, 90, 92, 102, 103, 104, 105, 106, 107, 108, 109, 110, 111, 114, 115, 117, 131, 132, 135, 136, 137, 140, 141, 142, 143, 145, 147, 151, 152, 153, 157, 158, 159, 161, 162, 168, 171, 172, 173, 179, 181, 183, 186, 187, 191, 192, 196, 202, 203, 204, 210, 217, 218, 219, 220, 223, 224, 225, 226, 227], "summary": {"covered_lines": 78, "num_statements": 84, "percent_covered": 92.85714285714286, "percent_covered_display": "93", "missing_lines": 6, "excluded_lines": 0}, "missing_lines": [184, 193, 194, 199, 200, 211], "excluded_lines": [], "functions": {"SpeechToText.__init__": {"executed_lines": [82, 83], "summary": {"covered_lines": 2, "num_statements": 2, "percent_covered": 100.0, "percent_covered_display": "100", "missing_lines": 0, "excluded_lines": 0}, "missing_lines": [], "excluded_lines": []}, "SpeechToText.client": {"executed_lines": [88, 89, 90], "summary": {"covered_lines": 3, "num_statements": 3, "percent_covered": 100.0, "percent_covered_display": "100", "missing_lines": 0, "excluded_lines": 0}, "missing_lines": [], "excluded_lines": []}, "SpeechToText._detect_audio_format": {"executed_lines": [102, 103, 104, 105, 106, 107, 108, 109, 110, 111, 114, 115], "summary": {"covered_lines": 12, "num_statements": 12, "percent_covered": 100.0, "percent_covered_display": "100", "missing_lines": 0, "excluded_lines": 0}, "missing_lines": [], "excluded_lines": []}, "SpeechToText.transcribe": {"executed_lines": [131, 132, 135, 136, 137, 140, 141, 142, 143, 145, 147, 151, 152, 153, 157, 158, 159, 161, 162, 168, 181, 183, 186, 187, 191, 192, 196, 202, 203, 204, 210, 217, 218, 219, 220, 223, 224, 225, 226, 227], "summary": {"covered_lines": 40, "num_statements": 46, "percent_covered": 86.95652173913044, "percent_covered_display": "87", "missing_lines": 6, "excluded_lines": 0}, "missing_lines": [184, 193, 194, 199, 200, 211], "excluded_lines": []}, "SpeechToText.transcribe._call_groq_api": {"executed_lines": [171, 179], "summary": {"covered_lines": 2, "num_statements": 2, "percent_covered": 100.0, "percent_covered_display": "100", "missing_lines": 0, "excluded_lines": 0}, "missing_lines": [], "excluded_lines": []}, "SpeechToText.transcribe._call_groq_api._sync_transcribe": {"executed_lines": [172, 173], "summary": {"covered_lines": 2, "num_statements": 2, "percent_covered": 100.0, "percent_covered_display": "100", "missing_lines": 0, "excluded_lines": 0}, "missing_lines": [], "excluded_lines": []}, "": {"executed_lines": [1, 53, 54, 55, 56, 57, 59, 61, 62, 63, 65, 68, 69, 78, 80, 85, 86, 92, 117], "summary": {"covered_lines": 17, "num_statements": 17, "percent_covered": 100.0, "percent_covered_display": "100", "missing_lines": 0, "excluded_lines": 0}, "missing_lines": [], "excluded_lines": []}}, "classes": {"SpeechToText": {"executed_lines": [82, 83, 88, 89, 90, 102, 103, 104, 105, 106, 107, 108, 109, 110, 111, 114, 115, 131, 132, 135, 136, 137, 140, 141, 142, 143, 145, 147, 151, 152, 153, 157, 158, 159, 161, 162, 168, 171, 172, 173, 179, 181, 183, 186, 187, 191, 192, 196, 202, 203, 204, 210, 217, 218, 219, 220, 223, 224, 225, 226, 227], "summary": {"covered_lines": 61, "num_statements": 67, "percent_covered": 91.04477611940298, "percent_covered_display": "91", "missing_lines": 6, "excluded_lines": 0}, "missing_lines": [184, 193, 194, 199, 200, 211], "excluded_lines": []}, "": {"executed_lines": [1, 53, 54, 55, 56, 57, 59, 61, 62, 63, 65, 68, 69, 78, 80, 85, 86, 92, 117], "summary": {"covered_lines": 17, "num_statements": 17, "percent_covered": 100.0, "percent_covered_display": "100", "missing_lines": 0, "excluded_lines": 0}, "missing_lines": [], "excluded_lines": []}}}, "src\\ai_companion\\modules\\speech\\text_to_speech.py": {"executed_lines": [1, 36, 37, 38, 39, 40, 42, 44, 45, 46, 48, 51, 52, 60, 71, 72, 73, 76, 77, 78, 79, 82, 93, 94, 96, 97, 98, 100, 122, 123, 125, 126, 129, 133, 134, 136, 141, 146, 148, 149, 161, 163, 165, 167, 170, 171, 173, 178, 182, 183, 184, 186, 212, 213, 219, 226, 228, 229, 230, 231, 233, 235, 236, 245, 251, 253, 265, 266, 267, 269, 278, 279, 281, 282, 283, 284, 285, 288, 289, 291, 293, 300, 301, 302, 304, 330, 331, 334, 337, 338, 339, 342, 347, 349, 351, 357, 358, 359, 361, 364, 365, 366, 368, 369, 371, 373, 375, 376, 377, 379, 385], "summary": {"covered_lines": 109, "num_statements": 126, "percent_covered": 86.5079365079365, "percent_covered_display": "87", "missing_lines": 17, "excluded_lines": 1}, "missing_lines": [168, 175, 176, 180, 181, 216, 217, 221, 222, 223, 224, 238, 240, 241, 242, 243, 367], "excluded_lines": [1], "functions": {"TextToSpeech.__init__": {"executed_lines": [71, 72, 73, 76, 77, 78, 79, 82], "summary": {"covered_lines": 8, "num_statements": 8, "percent_covered": 100.0, "percent_covered_display": "100", "missing_lines": 0, "excluded_lines": 0}, "missing_lines": [], "excluded_lines": []}, "TextToSpeech.client": {"executed_lines": [96, 97, 98], "summary": {"covered_lines": 3, "num_statements": 3, "percent_covered": 100.0, "percent_covered_display": "100", "missing_lines": 0, "excluded_lines": 0}, "missing_lines": [], "excluded_lines": []}, "TextToSpeech.synthesize": {"executed_lines": [122, 123, 125, 126, 129, 133, 134, 136, 141, 146, 165, 167, 170, 171, 173, 178, 182, 183, 184], "summary": {"covered_lines": 19, "num_statements": 24, "percent_covered": 79.16666666666667, "percent_covered_display": "79", "missing_lines": 5, "excluded_lines": 0}, "missing_lines": [168, 175, 176, 180, 181], "excluded_lines": []}, "TextToSpeech.synthesize._call_elevenlabs_api": {"executed_lines": [148, 163], "summary": {"covered_lines": 2, "num_statements": 2, "percent_covered": 100.0, "percent_covered_display": "100", "missing_lines": 0, "excluded_lines": 0}, "missing_lines": [], "excluded_lines": []}, "TextToSpeech.synthesize._call_elevenlabs_api._sync_generate": {"executed_lines": [149, 161], "summary": {"covered_lines": 2, "num_statements": 2, "percent_covered": 100.0, "percent_covered_display": "100", "missing_lines": 0, "excluded_lines": 0}, "missing_lines": [], "excluded_lines": []}, "TextToSpeech.synthesize_with_fallback": {"executed_lines": [212, 213, 219, 226, 228, 229, 230, 231, 233, 235, 236], "summary": {"covered_lines": 11, "num_statements": 22, "percent_covered": 50.0, "percent_covered_display": "50", "missing_lines": 11, "excluded_lines": 0}, "missing_lines": [216, 217, 221, 222, 223, 224, 238, 240, 241, 242, 243], "excluded_lines": []}, "TextToSpeech.is_available": {"executed_lines": [251], "summary": {"covered_lines": 1, "num_statements": 1, "percent_covered": 100.0, "percent_covered_display": "100", "missing_lines": 0, "excluded_lines": 0}, "missing_lines": [], "excluded_lines": []}, "TextToSpeech._get_cache_key": {"executed_lines": [265, 266, 267], "summary": {"covered_lines": 3, "num_statements": 3, "percent_covered": 100.0, "percent_covered_display": "100", "missing_lines": 0, "excluded_lines": 0}, "missing_lines": [], "excluded_lines": []}, "TextToSpeech._get_from_cache": {"executed_lines": [278, 279, 281, 282, 283, 284, 285, 288, 289, 291], "summary": {"covered_lines": 10, "num_statements": 10, "percent_covered": 100.0, "percent_covered_display": "100", "missing_lines": 0, "excluded_lines": 0}, "missing_lines": [], "excluded_lines": []}, "TextToSpeech._add_to_cache": {"executed_lines": [300, 301, 302], "summary": {"covered_lines": 3, "num_statements": 3, "percent_covered": 100.0, "percent_covered_display": "100", "missing_lines": 0, "excluded_lines": 0}, "missing_lines": [], "excluded_lines": []}, "TextToSpeech.synthesize_cached": {"executed_lines": [330, 331, 334, 337, 338, 339, 342, 347, 349], "summary": {"covered_lines": 9, "num_statements": 9, "percent_covered": 100.0, "percent_covered_display": "100", "missing_lines": 0, "excluded_lines": 0}, "missing_lines": [], "excluded_lines": []}, "TextToSpeech.warm_cache": {"executed_lines": [357, 358, 359, 361, 364, 365, 366, 368, 369, 371], "summary": {"covered_lines": 10, "num_statements": 11, "percent_covered": 90.9090909090909, "percent_covered_display": "91", "missing_lines": 1, "excluded_lines": 0}, "missing_lines": [367], "excluded_lines": []}, "TextToSpeech.clear_cache": {"executed_lines": [375, 376, 377], "summary": {"covered_lines": 3, "num_statements": 3, "percent_covered": 100.0, "percent_covered_display": "100", "missing_lines": 0, "excluded_lines": 0}, "missing_lines": [], "excluded_lines": []}, "TextToSpeech.get_cache_stats": {"executed_lines": [385], "summary": {"covered_lines": 1, "num_statements": 1, "percent_covered": 100.0, "percent_covered_display": "100", "missing_lines": 0, "excluded_lines": 0}, "missing_lines": [], "excluded_lines": []}, "": {"executed_lines": [1, 36, 37, 38, 39, 40, 42, 44, 45, 46, 48, 51, 52, 60, 93, 94, 100, 186, 245, 253, 269, 293, 304, 351, 373, 379], "summary": {"covered_lines": 24, "num_statements": 24, "percent_covered": 100.0, "percent_covered_display": "100", "missing_lines": 0, "excluded_lines": 1}, "missing_lines": [], "excluded_lines": [1]}}, "classes": {"TextToSpeech": {"executed_lines": [71, 72, 73, 76, 77, 78, 79, 82, 96, 97, 98, 122, 123, 125, 126, 129, 133, 134, 136, 141, 146, 148, 149, 161, 163, 165, 167, 170, 171, 173, 178, 182, 183, 184, 212, 213, 219, 226, 228, 229, 230, 231, 233, 235, 236, 251, 265, 266, 267, 278, 279, 281, 282, 283, 284, 285, 288, 289, 291, 300, 301, 302, 330, 331, 334, 337, 338, 339, 342, 347, 349, 357, 358, 359, 361, 364, 365, 366, 368, 369, 371, 375, 376, 377, 385], "summary": {"covered_lines": 85, "num_statements": 102, "percent_covered": 83.33333333333333, "percent_covered_display": "83", "missing_lines": 17, "excluded_lines": 0}, "missing_lines": [168, 175, 176, 180, 181, 216, 217, 221, 222, 223, 224, 238, 240, 241, 242, 243, 367], "excluded_lines": []}, "": {"executed_lines": [1, 36, 37, 38, 39, 40, 42, 44, 45, 46, 48, 51, 52, 60, 93, 94, 100, 186, 245, 253, 269, 293, 304, 351, 373, 379], "summary": {"covered_lines": 24, "num_statements": 24, "percent_covered": 100.0, "percent_covered_display": "100", "missing_lines": 0, "excluded_lines": 1}, "missing_lines": [], "excluded_lines": [1]}}}, "src\\ai_companion\\settings.py": {"executed_lines": [1, 19, 20, 22, 23, 26, 27, 53, 56, 57, 58, 59, 62, 63, 64, 65, 68, 69, 70, 71, 72, 73, 76, 79, 80, 81, 84, 85, 86, 87, 89, 92, 95, 96, 99, 100, 101, 102, 105, 106, 109, 112, 115, 118, 119, 120, 121, 122, 123, 124, 127, 128, 129, 130, 131, 132, 133, 136, 137, 138, 139, 140, 143, 144, 145, 146, 147, 150, 153, 154, 157, 158, 159, 160, 161, 162, 163, 166, 167, 168, 169, 170, 173, 174, 175, 176, 177, 178, 179, 182, 185, 186, 188, 189, 190, 203, 205, 207, 208, 209, 221, 223, 225, 226, 227, 239, 240, 244, 246, 247, 248, 260, 261, 265, 267, 278, 279, 292, 293, 297, 299, 306, 307, 320, 321, 325, 327, 328, 338, 339, 346, 347, 348, 349, 350, 351, 352, 353, 355, 356, 364, 366, 368, 375, 377, 392, 444, 462, 463, 476], "summary": {"covered_lines": 148, "num_statements": 183, "percent_covered": 80.8743169398907, "percent_covered_display": "81", "missing_lines": 35, "excluded_lines": 0}, "missing_lines": [204, 222, 388, 389, 390, 403, 405, 408, 409, 411, 413, 414, 415, 416, 423, 424, 425, 427, 428, 429, 430, 431, 432, 437, 439, 441, 464, 465, 466, 467, 468, 469, 470, 471, 472], "excluded_lines": [], "functions": {"Settings.validate_required_fields": {"executed_lines": [203, 205], "summary": {"covered_lines": 2, "num_statements": 3, "percent_covered": 66.66666666666667, "percent_covered_display": "67", "missing_lines": 1, "excluded_lines": 0}, "missing_lines": [204], "excluded_lines": []}, "Settings.validate_database_type": {"executed_lines": [221, 223], "summary": {"covered_lines": 2, "num_statements": 3, "percent_covered": 66.66666666666667, "percent_covered_display": "67", "missing_lines": 1, "excluded_lines": 0}, "missing_lines": [222], "excluded_lines": []}, "Settings.validate_memory_top_k": {"executed_lines": [239, 240, 244], "summary": {"covered_lines": 3, "num_statements": 3, "percent_covered": 100.0, "percent_covered_display": "100", "missing_lines": 0, "excluded_lines": 0}, "missing_lines": [], "excluded_lines": []}, "Settings.validate_circuit_breaker_threshold": {"executed_lines": [260, 261, 265], "summary": {"covered_lines": 3, "num_statements": 3, "percent_covered": 100.0, "percent_covered_display": "100", "missing_lines": 0, "excluded_lines": 0}, "missing_lines": [], "excluded_lines": []}, "Settings.validate_temperature_and_rates": {"executed_lines": [292, 293, 297], "summary": {"covered_lines": 3, "num_statements": 3, "percent_covered": 100.0, "percent_covered_display": "100", "missing_lines": 0, "excluded_lines": 0}, "missing_lines": [], "excluded_lines": []}, "Settings.validate_timeout_values": {"executed_lines": [320, 321, 325], "summary": {"covered_lines": 3, "num_statements": 3, "percent_covered": 100.0, "percent_covered_display": "100", "missing_lines": 0, "excluded_lines": 0}, "missing_lines": [], "excluded_lines": []}, "Settings.validate_cross_field_dependencies": {"executed_lines": [338, 339, 346, 347, 348, 349, 350, 351, 352, 353, 355, 356, 364, 366, 368, 375], "summary": {"covered_lines": 16, "num_statements": 16, "percent_covered": 100.0, "percent_covered_display": "100", "missing_lines": 0, "excluded_lines": 0}, "missing_lines": [], "excluded_lines": []}, "Settings.get_allowed_origins": {"executed_lines": [], "summary": {"covered_lines": 0, "num_statements": 3, "percent_covered": 0.0, "percent_covered_display": "0", "missing_lines": 3, "excluded_lines": 0}, "missing_lines": [388, 389, 390], "excluded_lines": []}, "Settings.validate_connectivity": {"executed_lines": [], "summary": {"covered_lines": 0, "num_statements": 21, "percent_covered": 0.0, "percent_covered_display": "0", "missing_lines": 21, "excluded_lines": 0}, "missing_lines": [403, 405, 408, 409, 411, 413, 414, 415, 416, 423, 424, 425, 427, 428, 429, 430, 431, 432, 437, 439, 441], "excluded_lines": []}, "load_settings": {"executed_lines": [462, 463], "summary": {"covered_lines": 2, "num_statements": 11, "percent_covered": 18.181818181818183, "percent_covered_display": "18", "missing_lines": 9, "excluded_lines": 0}, "missing_lines": [464, 465, 466, 467, 468, 469, 470, 471, 472], "excluded_lines": []}, "": {"executed_lines": [1, 19, 20, 22, 23, 26, 27, 53, 56, 57, 58, 59, 62, 63, 64, 65, 68, 69, 70, 71, 72, 73, 76, 79, 80, 81, 84, 85, 86, 87, 89, 92, 95, 96, 99, 100, 101, 102, 105, 106, 109, 112, 115, 118, 119, 120, 121, 122, 123, 124, 127, 128, 129, 130, 131, 132, 133, 136, 137, 138, 139, 140, 143, 144, 145, 146, 147, 150, 153, 154, 157, 158, 159, 160, 161, 162, 163, 166, 167, 168, 169, 170, 173, 174, 175, 176, 177, 178, 179, 182, 185, 186, 188, 189, 190, 207, 208, 209, 225, 226, 227, 246, 247, 248, 267, 278, 279, 299, 306, 307, 327, 328, 377, 392, 444, 476], "summary": {"covered_lines": 114, "num_statements": 114, "percent_covered": 100.0, "percent_covered_display": "100", "missing_lines": 0, "excluded_lines": 0}, "missing_lines": [], "excluded_lines": []}}, "classes": {"Settings": {"executed_lines": [203, 205, 221, 223, 239, 240, 244, 260, 261, 265, 292, 293, 297, 320, 321, 325, 338, 339, 346, 347, 348, 349, 350, 351, 352, 353, 355, 356, 364, 366, 368, 375], "summary": {"covered_lines": 32, "num_statements": 58, "percent_covered": 55.172413793103445, "percent_covered_display": "55", "missing_lines": 26, "excluded_lines": 0}, "missing_lines": [204, 222, 388, 389, 390, 403, 405, 408, 409, 411, 413, 414, 415, 416, 423, 424, 425, 427, 428, 429, 430, 431, 432, 437, 439, 441], "excluded_lines": []}, "": {"executed_lines": [1, 19, 20, 22, 23, 26, 27, 53, 56, 57, 58, 59, 62, 63, 64, 65, 68, 69, 70, 71, 72, 73, 76, 79, 80, 81, 84, 85, 86, 87, 89, 92, 95, 96, 99, 100, 101, 102, 105, 106, 109, 112, 115, 118, 119, 120, 121, 122, 123, 124, 127, 128, 129, 130, 131, 132, 133, 136, 137, 138, 139, 140, 143, 144, 145, 146, 147, 150, 153, 154, 157, 158, 159, 160, 161, 162, 163, 166, 167, 168, 169, 170, 173, 174, 175, 176, 177, 178, 179, 182, 185, 186, 188, 189, 190, 207, 208, 209, 225, 226, 227, 246, 247, 248, 267, 278, 279, 299, 306, 307, 327, 328, 377, 392, 444, 462, 463, 476], "summary": {"covered_lines": 116, "num_statements": 125, "percent_covered": 92.8, "percent_covered_display": "93", "missing_lines": 9, "excluded_lines": 0}, "missing_lines": [464, 465, 466, 467, 468, 469, 470, 471, 472], "excluded_lines": []}}}}, "totals": {"covered_lines": 918, "num_statements": 2449, "percent_covered": 37.4846876276031, "percent_covered_display": "37", "missing_lines": 1531, "excluded_lines": 2}}